{"/home/vova/Documents/js/training-helper-backend/dist/app.js": {"path":"/home/vova/Documents/js/training-helper-backend/dist/app.js","statementMap":{"0":{"start":{"line":2,"column":22},"end":{"line":4,"column":1}},"1":{"start":{"line":3,"column":4},"end":{"line":3,"column":62}},"2":{"start":{"line":5,"column":0},"end":{"line":5,"column":62}},"3":{"start":{"line":6,"column":0},"end":{"line":6,"column":28}},"4":{"start":{"line":7,"column":18},"end":{"line":7,"column":53}},"5":{"start":{"line":8,"column":15},"end":{"line":8,"column":47}},"6":{"start":{"line":9,"column":15},"end":{"line":9,"column":47}},"7":{"start":{"line":10,"column":22},"end":{"line":10,"column":70}},"8":{"start":{"line":11,"column":24},"end":{"line":11,"column":65}},"9":{"start":{"line":12,"column":22},"end":{"line":12,"column":74}},"10":{"start":{"line":13,"column":17},"end":{"line":13,"column":51}},"11":{"start":{"line":14,"column":24},"end":{"line":14,"column":57}},"12":{"start":{"line":15,"column":26},"end":{"line":15,"column":82}},"13":{"start":{"line":16,"column":17},"end":{"line":16,"column":51}},"14":{"start":{"line":21,"column":8},"end":{"line":21,"column":44}},"15":{"start":{"line":22,"column":8},"end":{"line":22,"column":25}},"16":{"start":{"line":23,"column":8},"end":{"line":23,"column":31}},"17":{"start":{"line":24,"column":8},"end":{"line":24,"column":42}},"18":{"start":{"line":25,"column":8},"end":{"line":25,"column":35}},"19":{"start":{"line":29,"column":8},"end":{"line":29,"column":131}},"20":{"start":{"line":31,"column":8},"end":{"line":31,"column":44}},"21":{"start":{"line":32,"column":30},"end":{"line":37,"column":10}},"22":{"start":{"line":38,"column":8},"end":{"line":38,"column":36}},"23":{"start":{"line":40,"column":8},"end":{"line":40,"column":65}},"24":{"start":{"line":42,"column":8},"end":{"line":42,"column":72}},"25":{"start":{"line":43,"column":8},"end":{"line":43,"column":47}},"26":{"start":{"line":44,"column":8},"end":{"line":44,"column":89}},"27":{"start":{"line":46,"column":8},"end":{"line":46,"column":53}},"28":{"start":{"line":49,"column":8},"end":{"line":51,"column":11}},"29":{"start":{"line":50,"column":12},"end":{"line":50,"column":49}},"30":{"start":{"line":54,"column":8},"end":{"line":54,"column":48}},"31":{"start":{"line":57,"column":8},"end":{"line":59,"column":11}},"32":{"start":{"line":58,"column":12},"end":{"line":58,"column":66}},"33":{"start":{"line":62,"column":8},"end":{"line":62,"column":24}},"34":{"start":{"line":65,"column":0},"end":{"line":65,"column":22}}},"fnMap":{"0":{"name":"(anonymous_0)","decl":{"start":{"line":2,"column":56},"end":{"line":2,"column":57}},"loc":{"start":{"line":2,"column":71},"end":{"line":4,"column":1}},"line":2},"1":{"name":"(anonymous_1)","decl":{"start":{"line":20,"column":4},"end":{"line":20,"column":5}},"loc":{"start":{"line":20,"column":35},"end":{"line":26,"column":5}},"line":20},"2":{"name":"(anonymous_2)","decl":{"start":{"line":27,"column":4},"end":{"line":27,"column":5}},"loc":{"start":{"line":27,"column":22},"end":{"line":47,"column":5}},"line":27},"3":{"name":"(anonymous_3)","decl":{"start":{"line":48,"column":4},"end":{"line":48,"column":5}},"loc":{"start":{"line":48,"column":33},"end":{"line":52,"column":5}},"line":48},"4":{"name":"(anonymous_4)","decl":{"start":{"line":49,"column":28},"end":{"line":49,"column":29}},"loc":{"start":{"line":49,"column":44},"end":{"line":51,"column":9}},"line":49},"5":{"name":"(anonymous_5)","decl":{"start":{"line":53,"column":4},"end":{"line":53,"column":5}},"loc":{"start":{"line":53,"column":26},"end":{"line":55,"column":5}},"line":53},"6":{"name":"(anonymous_6)","decl":{"start":{"line":56,"column":4},"end":{"line":56,"column":5}},"loc":{"start":{"line":56,"column":13},"end":{"line":60,"column":5}},"line":56},"7":{"name":"(anonymous_7)","decl":{"start":{"line":57,"column":35},"end":{"line":57,"column":36}},"loc":{"start":{"line":57,"column":41},"end":{"line":59,"column":9}},"line":57},"8":{"name":"(anonymous_8)","decl":{"start":{"line":61,"column":4},"end":{"line":61,"column":5}},"loc":{"start":{"line":61,"column":16},"end":{"line":63,"column":5}},"line":61}},"branchMap":{"0":{"loc":{"start":{"line":2,"column":22},"end":{"line":4,"column":1}},"type":"binary-expr","locations":[{"start":{"line":2,"column":23},"end":{"line":2,"column":27}},{"start":{"line":2,"column":31},"end":{"line":2,"column":51}},{"start":{"line":2,"column":56},"end":{"line":4,"column":1}}],"line":2},"1":{"loc":{"start":{"line":3,"column":11},"end":{"line":3,"column":61}},"type":"cond-expr","locations":[{"start":{"line":3,"column":37},"end":{"line":3,"column":40}},{"start":{"line":3,"column":43},"end":{"line":3,"column":61}}],"line":3},"2":{"loc":{"start":{"line":3,"column":12},"end":{"line":3,"column":33}},"type":"binary-expr","locations":[{"start":{"line":3,"column":12},"end":{"line":3,"column":15}},{"start":{"line":3,"column":19},"end":{"line":3,"column":33}}],"line":3}},"s":{"0":1,"1":9,"2":1,"3":1,"4":1,"5":1,"6":1,"7":1,"8":1,"9":1,"10":1,"11":1,"12":1,"13":1,"14":1,"15":1,"16":1,"17":1,"18":1,"19":1,"20":1,"21":1,"22":1,"23":1,"24":1,"25":1,"26":1,"27":1,"28":1,"29":4,"30":1,"31":0,"32":0,"33":1,"34":1},"f":{"0":9,"1":1,"2":1,"3":1,"4":4,"5":1,"6":0,"7":0,"8":1},"b":{"0":[1,1,1],"1":[3,6],"2":[9,9]},"_coverageSchema":"1a1c01bbd47fc00a2c39e90264f33305004495a9","hash":"b7a20a1229b497d486fd4c5ac2dcb934af6798a5"}
,"/home/vova/Documents/js/training-helper-backend/dist/config/allowedHosts.js": {"path":"/home/vova/Documents/js/training-helper-backend/dist/config/allowedHosts.js","statementMap":{"0":{"start":{"line":2,"column":0},"end":{"line":2,"column":62}},"1":{"start":{"line":3,"column":21},"end":{"line":13,"column":1}},"2":{"start":{"line":14,"column":0},"end":{"line":14,"column":31}}},"fnMap":{},"branchMap":{},"s":{"0":1,"1":1,"2":1},"f":{},"b":{},"_coverageSchema":"1a1c01bbd47fc00a2c39e90264f33305004495a9","hash":"dfac83aedc1db3018e36a9bbdd6a666a28a0536b"}
,"/home/vova/Documents/js/training-helper-backend/dist/config/corsOptions.js": {"path":"/home/vova/Documents/js/training-helper-backend/dist/config/corsOptions.js","statementMap":{"0":{"start":{"line":2,"column":22},"end":{"line":4,"column":1}},"1":{"start":{"line":3,"column":4},"end":{"line":3,"column":62}},"2":{"start":{"line":5,"column":0},"end":{"line":5,"column":62}},"3":{"start":{"line":6,"column":23},"end":{"line":6,"column":65}},"4":{"start":{"line":7,"column":20},"end":{"line":17,"column":1}},"5":{"start":{"line":9,"column":8},"end":{"line":14,"column":9}},"6":{"start":{"line":10,"column":12},"end":{"line":10,"column":33}},"7":{"start":{"line":13,"column":12},"end":{"line":13,"column":55}},"8":{"start":{"line":18,"column":0},"end":{"line":18,"column":30}}},"fnMap":{"0":{"name":"(anonymous_0)","decl":{"start":{"line":2,"column":56},"end":{"line":2,"column":57}},"loc":{"start":{"line":2,"column":71},"end":{"line":4,"column":1}},"line":2},"1":{"name":"(anonymous_1)","decl":{"start":{"line":8,"column":12},"end":{"line":8,"column":13}},"loc":{"start":{"line":8,"column":34},"end":{"line":15,"column":5}},"line":8}},"branchMap":{"0":{"loc":{"start":{"line":2,"column":22},"end":{"line":4,"column":1}},"type":"binary-expr","locations":[{"start":{"line":2,"column":23},"end":{"line":2,"column":27}},{"start":{"line":2,"column":31},"end":{"line":2,"column":51}},{"start":{"line":2,"column":56},"end":{"line":4,"column":1}}],"line":2},"1":{"loc":{"start":{"line":3,"column":11},"end":{"line":3,"column":61}},"type":"cond-expr","locations":[{"start":{"line":3,"column":37},"end":{"line":3,"column":40}},{"start":{"line":3,"column":43},"end":{"line":3,"column":61}}],"line":3},"2":{"loc":{"start":{"line":3,"column":12},"end":{"line":3,"column":33}},"type":"binary-expr","locations":[{"start":{"line":3,"column":12},"end":{"line":3,"column":15}},{"start":{"line":3,"column":19},"end":{"line":3,"column":33}}],"line":3},"3":{"loc":{"start":{"line":9,"column":8},"end":{"line":14,"column":9}},"type":"if","locations":[{"start":{"line":9,"column":8},"end":{"line":14,"column":9}},{"start":{"line":12,"column":13},"end":{"line":14,"column":9}}],"line":9},"4":{"loc":{"start":{"line":9,"column":12},"end":{"line":9,"column":75}},"type":"binary-expr","locations":[{"start":{"line":9,"column":12},"end":{"line":9,"column":51}},{"start":{"line":9,"column":55},"end":{"line":9,"column":75}}],"line":9}},"s":{"0":1,"1":1,"2":1,"3":1,"4":1,"5":0,"6":0,"7":0,"8":1},"f":{"0":1,"1":0},"b":{"0":[1,1,1],"1":[1,0],"2":[1,1],"3":[0,0],"4":[0,0]},"_coverageSchema":"1a1c01bbd47fc00a2c39e90264f33305004495a9","hash":"b73527760778ac1265a06cd513712c7e0767520a"}
,"/home/vova/Documents/js/training-helper-backend/dist/config/exercisesList.js": {"path":"/home/vova/Documents/js/training-helper-backend/dist/config/exercisesList.js","statementMap":{"0":{"start":{"line":2,"column":0},"end":{"line":2,"column":62}},"1":{"start":{"line":3,"column":22},"end":{"line":53,"column":1}},"2":{"start":{"line":54,"column":0},"end":{"line":54,"column":32}}},"fnMap":{},"branchMap":{},"s":{"0":2,"1":2,"2":2},"f":{},"b":{},"_coverageSchema":"1a1c01bbd47fc00a2c39e90264f33305004495a9","hash":"caf3046883e898ad5d86b6b4f7e5b4d4008a240d"}
,"/home/vova/Documents/js/training-helper-backend/dist/config/morganOptions.js": {"path":"/home/vova/Documents/js/training-helper-backend/dist/config/morganOptions.js","statementMap":{"0":{"start":{"line":2,"column":22},"end":{"line":4,"column":1}},"1":{"start":{"line":3,"column":4},"end":{"line":3,"column":62}},"2":{"start":{"line":5,"column":0},"end":{"line":5,"column":62}},"3":{"start":{"line":6,"column":0},"end":{"line":6,"column":57}},"4":{"start":{"line":7,"column":13},"end":{"line":7,"column":43}},"5":{"start":{"line":8,"column":15},"end":{"line":8,"column":47}},"6":{"start":{"line":9,"column":19},"end":{"line":9,"column":38}},"7":{"start":{"line":10,"column":24},"end":{"line":10,"column":130}},"8":{"start":{"line":11,"column":28},"end":{"line":14,"column":1}},"9":{"start":{"line":12,"column":4},"end":{"line":12,"column":25}},"10":{"start":{"line":13,"column":4},"end":{"line":13,"column":40}},"11":{"start":{"line":15,"column":0},"end":{"line":15,"column":50}},"12":{"start":{"line":16,"column":18},"end":{"line":28,"column":1}},"13":{"start":{"line":19,"column":22},"end":{"line":19,"column":85}},"14":{"start":{"line":20,"column":4},"end":{"line":27,"column":16}},"15":{"start":{"line":29,"column":0},"end":{"line":29,"column":30}}},"fnMap":{"0":{"name":"(anonymous_0)","decl":{"start":{"line":2,"column":56},"end":{"line":2,"column":57}},"loc":{"start":{"line":2,"column":71},"end":{"line":4,"column":1}},"line":2},"1":{"name":"(anonymous_1)","decl":{"start":{"line":11,"column":28},"end":{"line":11,"column":29}},"loc":{"start":{"line":11,"column":41},"end":{"line":14,"column":1}},"line":11},"2":{"name":"(anonymous_2)","decl":{"start":{"line":16,"column":18},"end":{"line":16,"column":19}},"loc":{"start":{"line":16,"column":40},"end":{"line":28,"column":1}},"line":16}},"branchMap":{"0":{"loc":{"start":{"line":2,"column":22},"end":{"line":4,"column":1}},"type":"binary-expr","locations":[{"start":{"line":2,"column":23},"end":{"line":2,"column":27}},{"start":{"line":2,"column":31},"end":{"line":2,"column":51}},{"start":{"line":2,"column":56},"end":{"line":4,"column":1}}],"line":2},"1":{"loc":{"start":{"line":3,"column":11},"end":{"line":3,"column":61}},"type":"cond-expr","locations":[{"start":{"line":3,"column":37},"end":{"line":3,"column":40}},{"start":{"line":3,"column":43},"end":{"line":3,"column":61}}],"line":3},"2":{"loc":{"start":{"line":3,"column":12},"end":{"line":3,"column":33}},"type":"binary-expr","locations":[{"start":{"line":3,"column":12},"end":{"line":3,"column":15}},{"start":{"line":3,"column":19},"end":{"line":3,"column":33}}],"line":3}},"s":{"0":1,"1":2,"2":1,"3":1,"4":1,"5":1,"6":1,"7":1,"8":1,"9":0,"10":0,"11":1,"12":1,"13":0,"14":0,"15":1},"f":{"0":2,"1":0,"2":0},"b":{"0":[1,1,1],"1":[0,2],"2":[2,2]},"_coverageSchema":"1a1c01bbd47fc00a2c39e90264f33305004495a9","hash":"e7cf14d3a3e4bee8b62a8cbce57415e73c1e6b16"}
,"/home/vova/Documents/js/training-helper-backend/dist/config/swaggerOptions.js": {"path":"/home/vova/Documents/js/training-helper-backend/dist/config/swaggerOptions.js","statementMap":{"0":{"start":{"line":2,"column":22},"end":{"line":4,"column":1}},"1":{"start":{"line":3,"column":4},"end":{"line":3,"column":62}},"2":{"start":{"line":5,"column":0},"end":{"line":5,"column":62}},"3":{"start":{"line":6,"column":15},"end":{"line":6,"column":47}},"4":{"start":{"line":7,"column":24},"end":{"line":7,"column":65}},"5":{"start":{"line":8,"column":16},"end":{"line":28,"column":1}},"6":{"start":{"line":29,"column":21},"end":{"line":29,"column":58}},"7":{"start":{"line":30,"column":0},"end":{"line":30,"column":31}}},"fnMap":{"0":{"name":"(anonymous_0)","decl":{"start":{"line":2,"column":56},"end":{"line":2,"column":57}},"loc":{"start":{"line":2,"column":71},"end":{"line":4,"column":1}},"line":2}},"branchMap":{"0":{"loc":{"start":{"line":2,"column":22},"end":{"line":4,"column":1}},"type":"binary-expr","locations":[{"start":{"line":2,"column":23},"end":{"line":2,"column":27}},{"start":{"line":2,"column":31},"end":{"line":2,"column":51}},{"start":{"line":2,"column":56},"end":{"line":4,"column":1}}],"line":2},"1":{"loc":{"start":{"line":3,"column":11},"end":{"line":3,"column":61}},"type":"cond-expr","locations":[{"start":{"line":3,"column":37},"end":{"line":3,"column":40}},{"start":{"line":3,"column":43},"end":{"line":3,"column":61}}],"line":3},"2":{"loc":{"start":{"line":3,"column":12},"end":{"line":3,"column":33}},"type":"binary-expr","locations":[{"start":{"line":3,"column":12},"end":{"line":3,"column":15}},{"start":{"line":3,"column":19},"end":{"line":3,"column":33}}],"line":3}},"s":{"0":1,"1":2,"2":1,"3":1,"4":1,"5":1,"6":1,"7":1},"f":{"0":2},"b":{"0":[1,1,1],"1":[0,2],"2":[2,2]},"_coverageSchema":"1a1c01bbd47fc00a2c39e90264f33305004495a9","hash":"d3400a647882741a99d09b780de4bf5819d31034"}
,"/home/vova/Documents/js/training-helper-backend/dist/controllers/AuthController.js": {"path":"/home/vova/Documents/js/training-helper-backend/dist/controllers/AuthController.js","statementMap":{"0":{"start":{"line":2,"column":22},"end":{"line":4,"column":1}},"1":{"start":{"line":3,"column":4},"end":{"line":3,"column":62}},"2":{"start":{"line":5,"column":0},"end":{"line":5,"column":62}},"3":{"start":{"line":6,"column":15},"end":{"line":6,"column":40}},"4":{"start":{"line":7,"column":18},"end":{"line":7,"column":53}},"5":{"start":{"line":8,"column":31},"end":{"line":8,"column":93}},"6":{"start":{"line":9,"column":19},"end":{"line":9,"column":57}},"7":{"start":{"line":10,"column":23},"end":{"line":10,"column":75}},"8":{"start":{"line":12,"column":11},"end":{"line":12,"column":18}},"9":{"start":{"line":13,"column":13},"end":{"line":13,"column":39}},"10":{"start":{"line":14,"column":18},"end":{"line":14,"column":46}},"11":{"start":{"line":16,"column":8},"end":{"line":16,"column":26}},"12":{"start":{"line":19,"column":8},"end":{"line":19,"column":65}},"13":{"start":{"line":20,"column":8},"end":{"line":20,"column":126}},"14":{"start":{"line":21,"column":8},"end":{"line":21,"column":74}},"15":{"start":{"line":22,"column":8},"end":{"line":22,"column":66}},"16":{"start":{"line":24,"column":18},"end":{"line":39,"column":5}},"17":{"start":{"line":25,"column":25},"end":{"line":25,"column":33}},"18":{"start":{"line":26,"column":25},"end":{"line":26,"column":42}},"19":{"start":{"line":27,"column":8},"end":{"line":38,"column":9}},"20":{"start":{"line":28,"column":48},"end":{"line":28,"column":86}},"21":{"start":{"line":29,"column":12},"end":{"line":32,"column":15}},"22":{"start":{"line":33,"column":12},"end":{"line":33,"column":74}},"23":{"start":{"line":34,"column":12},"end":{"line":34,"column":19}},"24":{"start":{"line":37,"column":12},"end":{"line":37,"column":24}},"25":{"start":{"line":40,"column":19},"end":{"line":49,"column":5}},"26":{"start":{"line":41,"column":25},"end":{"line":41,"column":33}},"27":{"start":{"line":42,"column":8},"end":{"line":48,"column":9}},"28":{"start":{"line":43,"column":25},"end":{"line":43,"column":66}},"29":{"start":{"line":44,"column":12},"end":{"line":44,"column":75}},"30":{"start":{"line":47,"column":12},"end":{"line":47,"column":24}},"31":{"start":{"line":50,"column":25},"end":{"line":60,"column":5}},"32":{"start":{"line":51,"column":29},"end":{"line":51,"column":50}},"33":{"start":{"line":52,"column":8},"end":{"line":52,"column":34}},"34":{"start":{"line":53,"column":8},"end":{"line":59,"column":9}},"35":{"start":{"line":54,"column":32},"end":{"line":54,"column":76}},"36":{"start":{"line":55,"column":12},"end":{"line":55,"column":50}},"37":{"start":{"line":58,"column":12},"end":{"line":58,"column":24}},"38":{"start":{"line":62,"column":19},"end":{"line":83,"column":5}},"39":{"start":{"line":63,"column":24},"end":{"line":63,"column":35}},"40":{"start":{"line":64,"column":8},"end":{"line":65,"column":39}},"41":{"start":{"line":65,"column":12},"end":{"line":65,"column":39}},"42":{"start":{"line":66,"column":29},"end":{"line":66,"column":40}},"43":{"start":{"line":68,"column":26},"end":{"line":68,"column":76}},"44":{"start":{"line":69,"column":8},"end":{"line":72,"column":9}},"45":{"start":{"line":70,"column":12},"end":{"line":70,"column":84}},"46":{"start":{"line":71,"column":12},"end":{"line":71,"column":39}},"47":{"start":{"line":74,"column":8},"end":{"line":74,"column":36}},"48":{"start":{"line":75,"column":23},"end":{"line":75,"column":45}},"49":{"start":{"line":76,"column":8},"end":{"line":76,"column":28}},"50":{"start":{"line":77,"column":8},"end":{"line":81,"column":11}},"51":{"start":{"line":82,"column":8},"end":{"line":82,"column":28}},"52":{"start":{"line":85,"column":0},"end":{"line":85,"column":33}}},"fnMap":{"0":{"name":"(anonymous_0)","decl":{"start":{"line":2,"column":56},"end":{"line":2,"column":57}},"loc":{"start":{"line":2,"column":71},"end":{"line":4,"column":1}},"line":2},"1":{"name":"(anonymous_1)","decl":{"start":{"line":15,"column":4},"end":{"line":15,"column":5}},"loc":{"start":{"line":15,"column":18},"end":{"line":17,"column":5}},"line":15},"2":{"name":"(anonymous_2)","decl":{"start":{"line":18,"column":4},"end":{"line":18,"column":5}},"loc":{"start":{"line":18,"column":17},"end":{"line":23,"column":5}},"line":18},"3":{"name":"(anonymous_3)","decl":{"start":{"line":24,"column":18},"end":{"line":24,"column":19}},"loc":{"start":{"line":24,"column":44},"end":{"line":39,"column":5}},"line":24},"4":{"name":"(anonymous_4)","decl":{"start":{"line":40,"column":19},"end":{"line":40,"column":20}},"loc":{"start":{"line":40,"column":45},"end":{"line":49,"column":5}},"line":40},"5":{"name":"(anonymous_5)","decl":{"start":{"line":50,"column":25},"end":{"line":50,"column":26}},"loc":{"start":{"line":50,"column":51},"end":{"line":60,"column":5}},"line":50},"6":{"name":"(anonymous_6)","decl":{"start":{"line":62,"column":19},"end":{"line":62,"column":20}},"loc":{"start":{"line":62,"column":39},"end":{"line":83,"column":5}},"line":62}},"branchMap":{"0":{"loc":{"start":{"line":2,"column":22},"end":{"line":4,"column":1}},"type":"binary-expr","locations":[{"start":{"line":2,"column":23},"end":{"line":2,"column":27}},{"start":{"line":2,"column":31},"end":{"line":2,"column":51}},{"start":{"line":2,"column":56},"end":{"line":4,"column":1}}],"line":2},"1":{"loc":{"start":{"line":3,"column":11},"end":{"line":3,"column":61}},"type":"cond-expr","locations":[{"start":{"line":3,"column":37},"end":{"line":3,"column":40}},{"start":{"line":3,"column":43},"end":{"line":3,"column":61}}],"line":3},"2":{"loc":{"start":{"line":3,"column":12},"end":{"line":3,"column":33}},"type":"binary-expr","locations":[{"start":{"line":3,"column":12},"end":{"line":3,"column":15}},{"start":{"line":3,"column":19},"end":{"line":3,"column":33}}],"line":3},"3":{"loc":{"start":{"line":64,"column":8},"end":{"line":65,"column":39}},"type":"if","locations":[{"start":{"line":64,"column":8},"end":{"line":65,"column":39}},{"start":{},"end":{}}],"line":64},"4":{"loc":{"start":{"line":69,"column":8},"end":{"line":72,"column":9}},"type":"if","locations":[{"start":{"line":69,"column":8},"end":{"line":72,"column":9}},{"start":{},"end":{}}],"line":69}},"s":{"0":1,"1":4,"2":1,"3":1,"4":1,"5":1,"6":1,"7":1,"8":1,"9":1,"10":1,"11":1,"12":1,"13":1,"14":1,"15":1,"16":1,"17":0,"18":0,"19":0,"20":0,"21":0,"22":0,"23":0,"24":0,"25":1,"26":0,"27":0,"28":0,"29":0,"30":0,"31":1,"32":0,"33":0,"34":0,"35":0,"36":0,"37":0,"38":1,"39":0,"40":0,"41":0,"42":0,"43":0,"44":0,"45":0,"46":0,"47":0,"48":0,"49":0,"50":0,"51":0,"52":1},"f":{"0":4,"1":1,"2":1,"3":0,"4":0,"5":0,"6":0},"b":{"0":[1,1,1],"1":[3,1],"2":[4,4],"3":[0,0],"4":[0,0]},"_coverageSchema":"1a1c01bbd47fc00a2c39e90264f33305004495a9","hash":"16b6f9ff95be8eca65af3cc997302fcce6a59a42"}
,"/home/vova/Documents/js/training-helper-backend/dist/controllers/SwaggerController.js": {"path":"/home/vova/Documents/js/training-helper-backend/dist/controllers/SwaggerController.js","statementMap":{"0":{"start":{"line":2,"column":22},"end":{"line":4,"column":1}},"1":{"start":{"line":3,"column":4},"end":{"line":3,"column":62}},"2":{"start":{"line":5,"column":0},"end":{"line":5,"column":62}},"3":{"start":{"line":6,"column":29},"end":{"line":6,"column":75}},"4":{"start":{"line":7,"column":25},"end":{"line":7,"column":77}},"5":{"start":{"line":8,"column":18},"end":{"line":8,"column":53}},"6":{"start":{"line":10,"column":11},"end":{"line":10,"column":13}},"7":{"start":{"line":11,"column":13},"end":{"line":11,"column":39}},"8":{"start":{"line":13,"column":8},"end":{"line":13,"column":26}},"9":{"start":{"line":16,"column":8},"end":{"line":16,"column":135}},"10":{"start":{"line":19,"column":0},"end":{"line":19,"column":36}}},"fnMap":{"0":{"name":"(anonymous_0)","decl":{"start":{"line":2,"column":56},"end":{"line":2,"column":57}},"loc":{"start":{"line":2,"column":71},"end":{"line":4,"column":1}},"line":2},"1":{"name":"(anonymous_1)","decl":{"start":{"line":12,"column":4},"end":{"line":12,"column":5}},"loc":{"start":{"line":12,"column":18},"end":{"line":14,"column":5}},"line":12},"2":{"name":"(anonymous_2)","decl":{"start":{"line":15,"column":4},"end":{"line":15,"column":5}},"loc":{"start":{"line":15,"column":17},"end":{"line":17,"column":5}},"line":15}},"branchMap":{"0":{"loc":{"start":{"line":2,"column":22},"end":{"line":4,"column":1}},"type":"binary-expr","locations":[{"start":{"line":2,"column":23},"end":{"line":2,"column":27}},{"start":{"line":2,"column":31},"end":{"line":2,"column":51}},{"start":{"line":2,"column":56},"end":{"line":4,"column":1}}],"line":2},"1":{"loc":{"start":{"line":3,"column":11},"end":{"line":3,"column":61}},"type":"cond-expr","locations":[{"start":{"line":3,"column":37},"end":{"line":3,"column":40}},{"start":{"line":3,"column":43},"end":{"line":3,"column":61}}],"line":3},"2":{"loc":{"start":{"line":3,"column":12},"end":{"line":3,"column":33}},"type":"binary-expr","locations":[{"start":{"line":3,"column":12},"end":{"line":3,"column":15}},{"start":{"line":3,"column":19},"end":{"line":3,"column":33}}],"line":3}},"s":{"0":1,"1":3,"2":1,"3":1,"4":1,"5":1,"6":1,"7":1,"8":1,"9":1,"10":1},"f":{"0":3,"1":1,"2":1},"b":{"0":[1,1,1],"1":[1,2],"2":[3,3]},"_coverageSchema":"1a1c01bbd47fc00a2c39e90264f33305004495a9","hash":"fac31ce0864a13967702134639013e344448d27f"}
,"/home/vova/Documents/js/training-helper-backend/dist/controllers/TestController.js": {"path":"/home/vova/Documents/js/training-helper-backend/dist/controllers/TestController.js","statementMap":{"0":{"start":{"line":2,"column":22},"end":{"line":4,"column":1}},"1":{"start":{"line":3,"column":4},"end":{"line":3,"column":62}},"2":{"start":{"line":5,"column":0},"end":{"line":5,"column":62}},"3":{"start":{"line":6,"column":18},"end":{"line":6,"column":53}},"4":{"start":{"line":7,"column":24},"end":{"line":7,"column":77}},"5":{"start":{"line":9,"column":11},"end":{"line":9,"column":18}},"6":{"start":{"line":10,"column":13},"end":{"line":10,"column":39}},"7":{"start":{"line":11,"column":18},"end":{"line":11,"column":47}},"8":{"start":{"line":13,"column":8},"end":{"line":13,"column":26}},"9":{"start":{"line":16,"column":8},"end":{"line":16,"column":74}},"10":{"start":{"line":17,"column":8},"end":{"line":17,"column":77}},"11":{"start":{"line":19,"column":27},"end":{"line":30,"column":5}},"12":{"start":{"line":20,"column":8},"end":{"line":29,"column":9}},"13":{"start":{"line":21,"column":12},"end":{"line":23,"column":13}},"14":{"start":{"line":21,"column":25},"end":{"line":21,"column":26}},"15":{"start":{"line":22,"column":16},"end":{"line":22,"column":68}},"16":{"start":{"line":24,"column":12},"end":{"line":24,"column":84}},"17":{"start":{"line":27,"column":12},"end":{"line":27,"column":31}},"18":{"start":{"line":28,"column":12},"end":{"line":28,"column":24}},"19":{"start":{"line":31,"column":26},"end":{"line":40,"column":5}},"20":{"start":{"line":32,"column":8},"end":{"line":39,"column":9}},"21":{"start":{"line":33,"column":12},"end":{"line":33,"column":60}},"22":{"start":{"line":34,"column":12},"end":{"line":34,"column":50}},"23":{"start":{"line":35,"column":12},"end":{"line":35,"column":86}},"24":{"start":{"line":38,"column":12},"end":{"line":38,"column":24}},"25":{"start":{"line":42,"column":0},"end":{"line":42,"column":33}}},"fnMap":{"0":{"name":"(anonymous_0)","decl":{"start":{"line":2,"column":56},"end":{"line":2,"column":57}},"loc":{"start":{"line":2,"column":71},"end":{"line":4,"column":1}},"line":2},"1":{"name":"(anonymous_1)","decl":{"start":{"line":12,"column":4},"end":{"line":12,"column":5}},"loc":{"start":{"line":12,"column":18},"end":{"line":14,"column":5}},"line":12},"2":{"name":"(anonymous_2)","decl":{"start":{"line":15,"column":4},"end":{"line":15,"column":5}},"loc":{"start":{"line":15,"column":17},"end":{"line":18,"column":5}},"line":15},"3":{"name":"(anonymous_3)","decl":{"start":{"line":19,"column":27},"end":{"line":19,"column":28}},"loc":{"start":{"line":19,"column":53},"end":{"line":30,"column":5}},"line":19},"4":{"name":"(anonymous_4)","decl":{"start":{"line":31,"column":26},"end":{"line":31,"column":27}},"loc":{"start":{"line":31,"column":52},"end":{"line":40,"column":5}},"line":31}},"branchMap":{"0":{"loc":{"start":{"line":2,"column":22},"end":{"line":4,"column":1}},"type":"binary-expr","locations":[{"start":{"line":2,"column":23},"end":{"line":2,"column":27}},{"start":{"line":2,"column":31},"end":{"line":2,"column":51}},{"start":{"line":2,"column":56},"end":{"line":4,"column":1}}],"line":2},"1":{"loc":{"start":{"line":3,"column":11},"end":{"line":3,"column":61}},"type":"cond-expr","locations":[{"start":{"line":3,"column":37},"end":{"line":3,"column":40}},{"start":{"line":3,"column":43},"end":{"line":3,"column":61}}],"line":3},"2":{"loc":{"start":{"line":3,"column":12},"end":{"line":3,"column":33}},"type":"binary-expr","locations":[{"start":{"line":3,"column":12},"end":{"line":3,"column":15}},{"start":{"line":3,"column":19},"end":{"line":3,"column":33}}],"line":3}},"s":{"0":1,"1":2,"2":1,"3":1,"4":1,"5":1,"6":1,"7":1,"8":1,"9":1,"10":1,"11":1,"12":0,"13":0,"14":0,"15":0,"16":0,"17":0,"18":0,"19":1,"20":0,"21":0,"22":0,"23":0,"24":0,"25":1},"f":{"0":2,"1":1,"2":1,"3":0,"4":0},"b":{"0":[1,1,1],"1":[1,1],"2":[2,2]},"_coverageSchema":"1a1c01bbd47fc00a2c39e90264f33305004495a9","hash":"7e792184e0894406dd7d4cb4b072a54b37e26afe"}
,"/home/vova/Documents/js/training-helper-backend/dist/controllers/TrainingController.js": {"path":"/home/vova/Documents/js/training-helper-backend/dist/controllers/TrainingController.js","statementMap":{"0":{"start":{"line":2,"column":22},"end":{"line":4,"column":1}},"1":{"start":{"line":3,"column":4},"end":{"line":3,"column":62}},"2":{"start":{"line":5,"column":0},"end":{"line":5,"column":62}},"3":{"start":{"line":6,"column":18},"end":{"line":6,"column":53}},"4":{"start":{"line":7,"column":28},"end":{"line":7,"column":85}},"5":{"start":{"line":9,"column":11},"end":{"line":9,"column":23}},"6":{"start":{"line":10,"column":13},"end":{"line":10,"column":39}},"7":{"start":{"line":11,"column":22},"end":{"line":11,"column":55}},"8":{"start":{"line":13,"column":8},"end":{"line":13,"column":26}},"9":{"start":{"line":16,"column":8},"end":{"line":16,"column":63}},"10":{"start":{"line":17,"column":8},"end":{"line":17,"column":71}},"11":{"start":{"line":18,"column":8},"end":{"line":18,"column":74}},"12":{"start":{"line":19,"column":8},"end":{"line":19,"column":75}},"13":{"start":{"line":20,"column":8},"end":{"line":20,"column":76}},"14":{"start":{"line":22,"column":21},"end":{"line":31,"column":5}},"15":{"start":{"line":23,"column":8},"end":{"line":30,"column":9}},"16":{"start":{"line":24,"column":51},"end":{"line":24,"column":59}},"17":{"start":{"line":25,"column":32},"end":{"line":25,"column":107}},"18":{"start":{"line":26,"column":12},"end":{"line":26,"column":107}},"19":{"start":{"line":29,"column":12},"end":{"line":29,"column":24}},"20":{"start":{"line":32,"column":21},"end":{"line":42,"column":5}},"21":{"start":{"line":33,"column":27},"end":{"line":33,"column":48}},"22":{"start":{"line":34,"column":29},"end":{"line":34,"column":37}},"23":{"start":{"line":35,"column":8},"end":{"line":41,"column":9}},"24":{"start":{"line":36,"column":12},"end":{"line":36,"column":90}},"25":{"start":{"line":37,"column":12},"end":{"line":37,"column":83}},"26":{"start":{"line":40,"column":12},"end":{"line":40,"column":24}},"27":{"start":{"line":43,"column":21},"end":{"line":53,"column":5}},"28":{"start":{"line":44,"column":8},"end":{"line":52,"column":9}},"29":{"start":{"line":45,"column":28},"end":{"line":45,"column":39}},"30":{"start":{"line":46,"column":31},"end":{"line":46,"column":52}},"31":{"start":{"line":47,"column":12},"end":{"line":47,"column":81}},"32":{"start":{"line":48,"column":12},"end":{"line":48,"column":32}},"33":{"start":{"line":51,"column":12},"end":{"line":51,"column":24}},"34":{"start":{"line":54,"column":25},"end":{"line":63,"column":5}},"35":{"start":{"line":55,"column":26},"end":{"line":55,"column":34}},"36":{"start":{"line":56,"column":8},"end":{"line":62,"column":9}},"37":{"start":{"line":57,"column":33},"end":{"line":57,"column":88}},"38":{"start":{"line":58,"column":12},"end":{"line":58,"column":47}},"39":{"start":{"line":61,"column":12},"end":{"line":61,"column":24}},"40":{"start":{"line":64,"column":22},"end":{"line":73,"column":5}},"41":{"start":{"line":65,"column":27},"end":{"line":65,"column":48}},"42":{"start":{"line":66,"column":8},"end":{"line":72,"column":9}},"43":{"start":{"line":67,"column":29},"end":{"line":67,"column":89}},"44":{"start":{"line":68,"column":12},"end":{"line":68,"column":43}},"45":{"start":{"line":71,"column":12},"end":{"line":71,"column":24}},"46":{"start":{"line":75,"column":0},"end":{"line":75,"column":37}}},"fnMap":{"0":{"name":"(anonymous_0)","decl":{"start":{"line":2,"column":56},"end":{"line":2,"column":57}},"loc":{"start":{"line":2,"column":71},"end":{"line":4,"column":1}},"line":2},"1":{"name":"(anonymous_1)","decl":{"start":{"line":12,"column":4},"end":{"line":12,"column":5}},"loc":{"start":{"line":12,"column":18},"end":{"line":14,"column":5}},"line":12},"2":{"name":"(anonymous_2)","decl":{"start":{"line":15,"column":4},"end":{"line":15,"column":5}},"loc":{"start":{"line":15,"column":17},"end":{"line":21,"column":5}},"line":15},"3":{"name":"(anonymous_3)","decl":{"start":{"line":22,"column":21},"end":{"line":22,"column":22}},"loc":{"start":{"line":22,"column":47},"end":{"line":31,"column":5}},"line":22},"4":{"name":"(anonymous_4)","decl":{"start":{"line":32,"column":21},"end":{"line":32,"column":22}},"loc":{"start":{"line":32,"column":47},"end":{"line":42,"column":5}},"line":32},"5":{"name":"(anonymous_5)","decl":{"start":{"line":43,"column":21},"end":{"line":43,"column":22}},"loc":{"start":{"line":43,"column":47},"end":{"line":53,"column":5}},"line":43},"6":{"name":"(anonymous_6)","decl":{"start":{"line":54,"column":25},"end":{"line":54,"column":26}},"loc":{"start":{"line":54,"column":51},"end":{"line":63,"column":5}},"line":54},"7":{"name":"(anonymous_7)","decl":{"start":{"line":64,"column":22},"end":{"line":64,"column":23}},"loc":{"start":{"line":64,"column":48},"end":{"line":73,"column":5}},"line":64}},"branchMap":{"0":{"loc":{"start":{"line":2,"column":22},"end":{"line":4,"column":1}},"type":"binary-expr","locations":[{"start":{"line":2,"column":23},"end":{"line":2,"column":27}},{"start":{"line":2,"column":31},"end":{"line":2,"column":51}},{"start":{"line":2,"column":56},"end":{"line":4,"column":1}}],"line":2},"1":{"loc":{"start":{"line":3,"column":11},"end":{"line":3,"column":61}},"type":"cond-expr","locations":[{"start":{"line":3,"column":37},"end":{"line":3,"column":40}},{"start":{"line":3,"column":43},"end":{"line":3,"column":61}}],"line":3},"2":{"loc":{"start":{"line":3,"column":12},"end":{"line":3,"column":33}},"type":"binary-expr","locations":[{"start":{"line":3,"column":12},"end":{"line":3,"column":15}},{"start":{"line":3,"column":19},"end":{"line":3,"column":33}}],"line":3}},"s":{"0":1,"1":2,"2":1,"3":1,"4":1,"5":1,"6":1,"7":1,"8":1,"9":1,"10":1,"11":1,"12":1,"13":1,"14":1,"15":0,"16":0,"17":0,"18":0,"19":0,"20":1,"21":0,"22":0,"23":0,"24":0,"25":0,"26":0,"27":1,"28":0,"29":0,"30":0,"31":0,"32":0,"33":0,"34":1,"35":0,"36":0,"37":0,"38":0,"39":0,"40":1,"41":0,"42":0,"43":0,"44":0,"45":0,"46":1},"f":{"0":2,"1":1,"2":1,"3":0,"4":0,"5":0,"6":0,"7":0},"b":{"0":[1,1,1],"1":[1,1],"2":[2,2]},"_coverageSchema":"1a1c01bbd47fc00a2c39e90264f33305004495a9","hash":"c9ce52116fa5932279c66af820fd0be2bd0710c3"}
,"/home/vova/Documents/js/training-helper-backend/dist/controllers/user.dto.js": {"path":"/home/vova/Documents/js/training-helper-backend/dist/controllers/user.dto.js","statementMap":{"0":{"start":{"line":2,"column":17},"end":{"line":7,"column":1}},"1":{"start":{"line":3,"column":12},"end":{"line":3,"column":28}},"2":{"start":{"line":3,"column":34},"end":{"line":3,"column":125}},"3":{"start":{"line":4,"column":4},"end":{"line":5,"column":150}},"4":{"start":{"line":4,"column":79},"end":{"line":4,"column":131}},"5":{"start":{"line":5,"column":9},"end":{"line":5,"column":150}},"6":{"start":{"line":5,"column":22},"end":{"line":5,"column":43}},"7":{"start":{"line":5,"column":58},"end":{"line":5,"column":150}},"8":{"start":{"line":5,"column":81},"end":{"line":5,"column":150}},"9":{"start":{"line":6,"column":4},"end":{"line":6,"column":66}},"10":{"start":{"line":8,"column":0},"end":{"line":8,"column":62}},"11":{"start":{"line":9,"column":26},"end":{"line":9,"column":52}},"12":{"start":{"line":14,"column":8},"end":{"line":14,"column":33}},"13":{"start":{"line":15,"column":8},"end":{"line":15,"column":33}},"14":{"start":{"line":18,"column":0},"end":{"line":20,"column":48}},"15":{"start":{"line":21,"column":0},"end":{"line":24,"column":48}},"16":{"start":{"line":25,"column":0},"end":{"line":25,"column":32}}},"fnMap":{"0":{"name":"(anonymous_0)","decl":{"start":{"line":2,"column":46},"end":{"line":2,"column":47}},"loc":{"start":{"line":2,"column":87},"end":{"line":7,"column":1}},"line":2},"1":{"name":"(anonymous_1)","decl":{"start":{"line":13,"column":4},"end":{"line":13,"column":5}},"loc":{"start":{"line":13,"column":36},"end":{"line":16,"column":5}},"line":13}},"branchMap":{"0":{"loc":{"start":{"line":2,"column":17},"end":{"line":7,"column":1}},"type":"binary-expr","locations":[{"start":{"line":2,"column":18},"end":{"line":2,"column":22}},{"start":{"line":2,"column":26},"end":{"line":2,"column":41}},{"start":{"line":2,"column":46},"end":{"line":7,"column":1}}],"line":2},"1":{"loc":{"start":{"line":3,"column":34},"end":{"line":3,"column":125}},"type":"cond-expr","locations":[{"start":{"line":3,"column":42},"end":{"line":3,"column":48}},{"start":{"line":3,"column":51},"end":{"line":3,"column":125}}],"line":3},"2":{"loc":{"start":{"line":3,"column":51},"end":{"line":3,"column":125}},"type":"cond-expr","locations":[{"start":{"line":3,"column":67},"end":{"line":3,"column":118}},{"start":{"line":3,"column":121},"end":{"line":3,"column":125}}],"line":3},"3":{"loc":{"start":{"line":4,"column":4},"end":{"line":5,"column":150}},"type":"if","locations":[{"start":{"line":4,"column":4},"end":{"line":5,"column":150}},{"start":{"line":5,"column":9},"end":{"line":5,"column":150}}],"line":4},"4":{"loc":{"start":{"line":4,"column":8},"end":{"line":4,"column":77}},"type":"binary-expr","locations":[{"start":{"line":4,"column":8},"end":{"line":4,"column":35}},{"start":{"line":4,"column":39},"end":{"line":4,"column":77}}],"line":4},"5":{"loc":{"start":{"line":5,"column":58},"end":{"line":5,"column":150}},"type":"if","locations":[{"start":{"line":5,"column":58},"end":{"line":5,"column":150}},{"start":{},"end":{}}],"line":5},"6":{"loc":{"start":{"line":5,"column":85},"end":{"line":5,"column":149}},"type":"binary-expr","locations":[{"start":{"line":5,"column":86},"end":{"line":5,"column":143}},{"start":{"line":5,"column":148},"end":{"line":5,"column":149}}],"line":5},"7":{"loc":{"start":{"line":5,"column":86},"end":{"line":5,"column":143}},"type":"cond-expr","locations":[{"start":{"line":5,"column":94},"end":{"line":5,"column":98}},{"start":{"line":5,"column":101},"end":{"line":5,"column":143}}],"line":5},"8":{"loc":{"start":{"line":5,"column":101},"end":{"line":5,"column":143}},"type":"cond-expr","locations":[{"start":{"line":5,"column":109},"end":{"line":5,"column":126}},{"start":{"line":5,"column":129},"end":{"line":5,"column":143}}],"line":5},"9":{"loc":{"start":{"line":6,"column":11},"end":{"line":6,"column":62}},"type":"binary-expr","locations":[{"start":{"line":6,"column":11},"end":{"line":6,"column":16}},{"start":{"line":6,"column":20},"end":{"line":6,"column":21}},{"start":{"line":6,"column":25},"end":{"line":6,"column":62}}],"line":6}},"s":{"0":1,"1":2,"2":2,"3":2,"4":2,"5":0,"6":0,"7":0,"8":0,"9":2,"10":1,"11":1,"12":0,"13":0,"14":1,"15":1,"16":1},"f":{"0":2,"1":0},"b":{"0":[1,1,1],"1":[0,2],"2":[0,2],"3":[2,0],"4":[2,2],"5":[0,0],"6":[0,0],"7":[0,0],"8":[0,0],"9":[2,2,0]},"_coverageSchema":"1a1c01bbd47fc00a2c39e90264f33305004495a9","hash":"7ab111d5d8fef3870c5d1b6050929887ce8c3970"}
,"/home/vova/Documents/js/training-helper-backend/dist/exceptions/HttpException.js": {"path":"/home/vova/Documents/js/training-helper-backend/dist/exceptions/HttpException.js","statementMap":{"0":{"start":{"line":2,"column":0},"end":{"line":2,"column":62}},"1":{"start":{"line":7,"column":8},"end":{"line":7,"column":23}},"2":{"start":{"line":8,"column":8},"end":{"line":8,"column":29}},"3":{"start":{"line":9,"column":8},"end":{"line":9,"column":31}},"4":{"start":{"line":12,"column":0},"end":{"line":12,"column":32}}},"fnMap":{"0":{"name":"(anonymous_0)","decl":{"start":{"line":6,"column":4},"end":{"line":6,"column":5}},"loc":{"start":{"line":6,"column":33},"end":{"line":10,"column":5}},"line":6}},"branchMap":{},"s":{"0":3,"1":38,"2":38,"3":38,"4":3},"f":{"0":38},"b":{},"_coverageSchema":"1a1c01bbd47fc00a2c39e90264f33305004495a9","hash":"04152242cdab22ff6f910bb852989a45780528db"}
,"/home/vova/Documents/js/training-helper-backend/dist/exceptions/auth/TokenExpiredException.js": {"path":"/home/vova/Documents/js/training-helper-backend/dist/exceptions/auth/TokenExpiredException.js","statementMap":{"0":{"start":{"line":2,"column":22},"end":{"line":4,"column":1}},"1":{"start":{"line":3,"column":4},"end":{"line":3,"column":62}},"2":{"start":{"line":5,"column":0},"end":{"line":5,"column":62}},"3":{"start":{"line":6,"column":24},"end":{"line":6,"column":68}},"4":{"start":{"line":9,"column":8},"end":{"line":9,"column":44}},"5":{"start":{"line":12,"column":0},"end":{"line":12,"column":40}}},"fnMap":{"0":{"name":"(anonymous_0)","decl":{"start":{"line":2,"column":56},"end":{"line":2,"column":57}},"loc":{"start":{"line":2,"column":71},"end":{"line":4,"column":1}},"line":2},"1":{"name":"(anonymous_1)","decl":{"start":{"line":8,"column":4},"end":{"line":8,"column":5}},"loc":{"start":{"line":8,"column":18},"end":{"line":10,"column":5}},"line":8}},"branchMap":{"0":{"loc":{"start":{"line":2,"column":22},"end":{"line":4,"column":1}},"type":"binary-expr","locations":[{"start":{"line":2,"column":23},"end":{"line":2,"column":27}},{"start":{"line":2,"column":31},"end":{"line":2,"column":51}},{"start":{"line":2,"column":56},"end":{"line":4,"column":1}}],"line":2},"1":{"loc":{"start":{"line":3,"column":11},"end":{"line":3,"column":61}},"type":"cond-expr","locations":[{"start":{"line":3,"column":37},"end":{"line":3,"column":40}},{"start":{"line":3,"column":43},"end":{"line":3,"column":61}}],"line":3},"2":{"loc":{"start":{"line":3,"column":12},"end":{"line":3,"column":33}},"type":"binary-expr","locations":[{"start":{"line":3,"column":12},"end":{"line":3,"column":15}},{"start":{"line":3,"column":19},"end":{"line":3,"column":33}}],"line":3}},"s":{"0":0,"1":0,"2":0,"3":0,"4":0,"5":0},"f":{"0":0,"1":0},"b":{"0":[0,0,0],"1":[0,0],"2":[0,0]}}
,"/home/vova/Documents/js/training-helper-backend/dist/exceptions/trainingsExceptions/MissingDataException.js": {"path":"/home/vova/Documents/js/training-helper-backend/dist/exceptions/trainingsExceptions/MissingDataException.js","statementMap":{"0":{"start":{"line":2,"column":22},"end":{"line":4,"column":1}},"1":{"start":{"line":3,"column":4},"end":{"line":3,"column":62}},"2":{"start":{"line":5,"column":0},"end":{"line":5,"column":62}},"3":{"start":{"line":6,"column":24},"end":{"line":6,"column":68}},"4":{"start":{"line":9,"column":8},"end":{"line":9,"column":28}},"5":{"start":{"line":12,"column":0},"end":{"line":12,"column":39}}},"fnMap":{"0":{"name":"(anonymous_0)","decl":{"start":{"line":2,"column":56},"end":{"line":2,"column":57}},"loc":{"start":{"line":2,"column":71},"end":{"line":4,"column":1}},"line":2},"1":{"name":"(anonymous_1)","decl":{"start":{"line":8,"column":4},"end":{"line":8,"column":5}},"loc":{"start":{"line":8,"column":25},"end":{"line":10,"column":5}},"line":8}},"branchMap":{"0":{"loc":{"start":{"line":2,"column":22},"end":{"line":4,"column":1}},"type":"binary-expr","locations":[{"start":{"line":2,"column":23},"end":{"line":2,"column":27}},{"start":{"line":2,"column":31},"end":{"line":2,"column":51}},{"start":{"line":2,"column":56},"end":{"line":4,"column":1}}],"line":2},"1":{"loc":{"start":{"line":3,"column":11},"end":{"line":3,"column":61}},"type":"cond-expr","locations":[{"start":{"line":3,"column":37},"end":{"line":3,"column":40}},{"start":{"line":3,"column":43},"end":{"line":3,"column":61}}],"line":3},"2":{"loc":{"start":{"line":3,"column":12},"end":{"line":3,"column":33}},"type":"binary-expr","locations":[{"start":{"line":3,"column":12},"end":{"line":3,"column":15}},{"start":{"line":3,"column":19},"end":{"line":3,"column":33}}],"line":3}},"s":{"0":2,"1":2,"2":2,"3":2,"4":18,"5":2},"f":{"0":2,"1":18},"b":{"0":[2,2,2],"1":[2,0],"2":[2,2]},"_coverageSchema":"1a1c01bbd47fc00a2c39e90264f33305004495a9","hash":"07a545a1e3ae21732e1c085bf27510858a92755a"}
,"/home/vova/Documents/js/training-helper-backend/dist/middleware/asyncMiddleware.js": {"path":"/home/vova/Documents/js/training-helper-backend/dist/middleware/asyncMiddleware.js","statementMap":{"0":{"start":{"line":2,"column":0},"end":{"line":2,"column":62}},"1":{"start":{"line":3,"column":24},"end":{"line":7,"column":1}},"2":{"start":{"line":4,"column":4},"end":{"line":6,"column":6}},"3":{"start":{"line":5,"column":8},"end":{"line":5,"column":55}},"4":{"start":{"line":8,"column":0},"end":{"line":8,"column":34}}},"fnMap":{"0":{"name":"(anonymous_0)","decl":{"start":{"line":3,"column":24},"end":{"line":3,"column":25}},"loc":{"start":{"line":3,"column":48},"end":{"line":7,"column":1}},"line":3},"1":{"name":"(anonymous_1)","decl":{"start":{"line":4,"column":11},"end":{"line":4,"column":12}},"loc":{"start":{"line":4,"column":31},"end":{"line":6,"column":5}},"line":4}},"branchMap":{},"s":{"0":0,"1":0,"2":0,"3":0,"4":0},"f":{"0":0,"1":0},"b":{}}
,"/home/vova/Documents/js/training-helper-backend/dist/middleware/credentials.js": {"path":"/home/vova/Documents/js/training-helper-backend/dist/middleware/credentials.js","statementMap":{"0":{"start":{"line":2,"column":22},"end":{"line":4,"column":1}},"1":{"start":{"line":3,"column":4},"end":{"line":3,"column":62}},"2":{"start":{"line":5,"column":0},"end":{"line":5,"column":62}},"3":{"start":{"line":6,"column":23},"end":{"line":6,"column":73}},"4":{"start":{"line":7,"column":20},"end":{"line":13,"column":1}},"5":{"start":{"line":8,"column":19},"end":{"line":8,"column":39}},"6":{"start":{"line":9,"column":4},"end":{"line":11,"column":5}},"7":{"start":{"line":10,"column":8},"end":{"line":10,"column":60}},"8":{"start":{"line":12,"column":4},"end":{"line":12,"column":11}},"9":{"start":{"line":14,"column":0},"end":{"line":14,"column":30}}},"fnMap":{"0":{"name":"(anonymous_0)","decl":{"start":{"line":2,"column":56},"end":{"line":2,"column":57}},"loc":{"start":{"line":2,"column":71},"end":{"line":4,"column":1}},"line":2},"1":{"name":"(anonymous_1)","decl":{"start":{"line":7,"column":20},"end":{"line":7,"column":21}},"loc":{"start":{"line":7,"column":40},"end":{"line":13,"column":1}},"line":7}},"branchMap":{"0":{"loc":{"start":{"line":2,"column":22},"end":{"line":4,"column":1}},"type":"binary-expr","locations":[{"start":{"line":2,"column":23},"end":{"line":2,"column":27}},{"start":{"line":2,"column":31},"end":{"line":2,"column":51}},{"start":{"line":2,"column":56},"end":{"line":4,"column":1}}],"line":2},"1":{"loc":{"start":{"line":3,"column":11},"end":{"line":3,"column":61}},"type":"cond-expr","locations":[{"start":{"line":3,"column":37},"end":{"line":3,"column":40}},{"start":{"line":3,"column":43},"end":{"line":3,"column":61}}],"line":3},"2":{"loc":{"start":{"line":3,"column":12},"end":{"line":3,"column":33}},"type":"binary-expr","locations":[{"start":{"line":3,"column":12},"end":{"line":3,"column":15}},{"start":{"line":3,"column":19},"end":{"line":3,"column":33}}],"line":3},"3":{"loc":{"start":{"line":9,"column":4},"end":{"line":11,"column":5}},"type":"if","locations":[{"start":{"line":9,"column":4},"end":{"line":11,"column":5}},{"start":{},"end":{}}],"line":9}},"s":{"0":1,"1":1,"2":1,"3":1,"4":1,"5":0,"6":0,"7":0,"8":0,"9":1},"f":{"0":1,"1":0},"b":{"0":[1,1,1],"1":[1,0],"2":[1,1],"3":[0,0]},"_coverageSchema":"1a1c01bbd47fc00a2c39e90264f33305004495a9","hash":"e632457f95f5cd93952cc61cb85d9937f0a49de8"}
,"/home/vova/Documents/js/training-helper-backend/dist/middleware/errorHandler.js": {"path":"/home/vova/Documents/js/training-helper-backend/dist/middleware/errorHandler.js","statementMap":{"0":{"start":{"line":2,"column":0},"end":{"line":2,"column":62}},"1":{"start":{"line":3,"column":20},"end":{"line":3,"column":42}},"2":{"start":{"line":4,"column":21},"end":{"line":14,"column":1}},"3":{"start":{"line":5,"column":4},"end":{"line":13,"column":7}},"4":{"start":{"line":7,"column":8},"end":{"line":7,"column":31}},"5":{"start":{"line":8,"column":8},"end":{"line":8,"column":42}},"6":{"start":{"line":11,"column":8},"end":{"line":11,"column":27}},"7":{"start":{"line":12,"column":8},"end":{"line":12,"column":20}},"8":{"start":{"line":15,"column":0},"end":{"line":15,"column":31}}},"fnMap":{"0":{"name":"(anonymous_0)","decl":{"start":{"line":4,"column":21},"end":{"line":4,"column":22}},"loc":{"start":{"line":4,"column":46},"end":{"line":14,"column":1}},"line":4},"1":{"name":"(anonymous_1)","decl":{"start":{"line":6,"column":14},"end":{"line":6,"column":15}},"loc":{"start":{"line":6,"column":20},"end":{"line":9,"column":5}},"line":6},"2":{"name":"(anonymous_2)","decl":{"start":{"line":10,"column":15},"end":{"line":10,"column":16}},"loc":{"start":{"line":10,"column":26},"end":{"line":13,"column":5}},"line":10}},"branchMap":{},"s":{"0":0,"1":0,"2":0,"3":0,"4":0,"5":0,"6":0,"7":0,"8":0},"f":{"0":0,"1":0,"2":0},"b":{}}
,"/home/vova/Documents/js/training-helper-backend/dist/middleware/errorMiddleware.js": {"path":"/home/vova/Documents/js/training-helper-backend/dist/middleware/errorMiddleware.js","statementMap":{"0":{"start":{"line":2,"column":0},"end":{"line":2,"column":62}},"1":{"start":{"line":3,"column":20},"end":{"line":3,"column":42}},"2":{"start":{"line":5,"column":19},"end":{"line":5,"column":29}},"3":{"start":{"line":6,"column":20},"end":{"line":6,"column":31}},"4":{"start":{"line":7,"column":4},"end":{"line":7,"column":44}},"5":{"start":{"line":8,"column":4},"end":{"line":8,"column":24}},"6":{"start":{"line":9,"column":4},"end":{"line":9,"column":25}},"7":{"start":{"line":10,"column":4},"end":{"line":11,"column":47}},"8":{"start":{"line":11,"column":26},"end":{"line":11,"column":43}},"9":{"start":{"line":12,"column":4},"end":{"line":12,"column":56}},"10":{"start":{"line":14,"column":0},"end":{"line":14,"column":34}}},"fnMap":{"0":{"name":"errorMiddleware","decl":{"start":{"line":4,"column":9},"end":{"line":4,"column":24}},"loc":{"start":{"line":4,"column":46},"end":{"line":13,"column":1}},"line":4},"1":{"name":"(anonymous_1)","decl":{"start":{"line":11,"column":15},"end":{"line":11,"column":16}},"loc":{"start":{"line":11,"column":24},"end":{"line":11,"column":45}},"line":11}},"branchMap":{},"s":{"0":1,"1":1,"2":0,"3":0,"4":0,"5":0,"6":0,"7":0,"8":0,"9":0,"10":1},"f":{"0":0,"1":0},"b":{},"_coverageSchema":"1a1c01bbd47fc00a2c39e90264f33305004495a9","hash":"e2702d75abca72c969181831f889cd0c54682d99"}
,"/home/vova/Documents/js/training-helper-backend/dist/middleware/logEvents.js": {"path":"/home/vova/Documents/js/training-helper-backend/dist/middleware/logEvents.js","statementMap":{"0":{"start":{"line":2,"column":22},"end":{"line":12,"column":3}},"1":{"start":{"line":3,"column":4},"end":{"line":3,"column":33}},"2":{"start":{"line":3,"column":26},"end":{"line":3,"column":33}},"3":{"start":{"line":4,"column":15},"end":{"line":4,"column":52}},"4":{"start":{"line":5,"column":4},"end":{"line":7,"column":5}},"5":{"start":{"line":6,"column":6},"end":{"line":6,"column":68}},"6":{"start":{"line":6,"column":51},"end":{"line":6,"column":63}},"7":{"start":{"line":8,"column":4},"end":{"line":8,"column":39}},"8":{"start":{"line":10,"column":4},"end":{"line":10,"column":33}},"9":{"start":{"line":10,"column":26},"end":{"line":10,"column":33}},"10":{"start":{"line":11,"column":4},"end":{"line":11,"column":17}},"11":{"start":{"line":13,"column":25},"end":{"line":17,"column":2}},"12":{"start":{"line":14,"column":4},"end":{"line":14,"column":72}},"13":{"start":{"line":16,"column":4},"end":{"line":16,"column":21}},"14":{"start":{"line":18,"column":19},"end":{"line":24,"column":1}},"15":{"start":{"line":19,"column":4},"end":{"line":19,"column":42}},"16":{"start":{"line":19,"column":31},"end":{"line":19,"column":42}},"17":{"start":{"line":20,"column":17},"end":{"line":20,"column":19}},"18":{"start":{"line":21,"column":4},"end":{"line":21,"column":141}},"19":{"start":{"line":21,"column":21},"end":{"line":21,"column":141}},"20":{"start":{"line":21,"column":40},"end":{"line":21,"column":141}},"21":{"start":{"line":21,"column":109},"end":{"line":21,"column":141}},"22":{"start":{"line":22,"column":4},"end":{"line":22,"column":36}},"23":{"start":{"line":23,"column":4},"end":{"line":23,"column":18}},"24":{"start":{"line":25,"column":22},"end":{"line":27,"column":1}},"25":{"start":{"line":26,"column":4},"end":{"line":26,"column":62}},"26":{"start":{"line":28,"column":0},"end":{"line":28,"column":62}},"27":{"start":{"line":29,"column":0},"end":{"line":29,"column":44}},"28":{"start":{"line":30,"column":19},"end":{"line":30,"column":38}},"29":{"start":{"line":31,"column":15},"end":{"line":31,"column":30}},"30":{"start":{"line":32,"column":13},"end":{"line":32,"column":40}},"31":{"start":{"line":33,"column":15},"end":{"line":33,"column":47}},"32":{"start":{"line":34,"column":18},"end":{"line":48,"column":1}},"33":{"start":{"line":35,"column":4},"end":{"line":35,"column":25}},"34":{"start":{"line":36,"column":21},"end":{"line":36,"column":84}},"35":{"start":{"line":37,"column":20},"end":{"line":37,"column":68}},"36":{"start":{"line":38,"column":4},"end":{"line":38,"column":25}},"37":{"start":{"line":39,"column":4},"end":{"line":47,"column":5}},"38":{"start":{"line":40,"column":8},"end":{"line":42,"column":9}},"39":{"start":{"line":41,"column":12},"end":{"line":41,"column":84}},"40":{"start":{"line":43,"column":8},"end":{"line":43,"column":103}},"41":{"start":{"line":46,"column":8},"end":{"line":46,"column":25}},"42":{"start":{"line":49,"column":0},"end":{"line":49,"column":30}},"43":{"start":{"line":50,"column":15},"end":{"line":60,"column":1}},"44":{"start":{"line":51,"column":4},"end":{"line":59,"column":5}},"45":{"start":{"line":52,"column":8},"end":{"line":52,"column":107}},"46":{"start":{"line":53,"column":8},"end":{"line":53,"column":50}},"47":{"start":{"line":54,"column":8},"end":{"line":54,"column":15}},"48":{"start":{"line":57,"column":8},"end":{"line":57,"column":25}},"49":{"start":{"line":58,"column":8},"end":{"line":58,"column":18}},"50":{"start":{"line":61,"column":0},"end":{"line":61,"column":24}}},"fnMap":{"0":{"name":"(anonymous_0)","decl":{"start":{"line":2,"column":74},"end":{"line":2,"column":75}},"loc":{"start":{"line":2,"column":96},"end":{"line":9,"column":1}},"line":2},"1":{"name":"(anonymous_1)","decl":{"start":{"line":6,"column":38},"end":{"line":6,"column":39}},"loc":{"start":{"line":6,"column":49},"end":{"line":6,"column":65}},"line":6},"2":{"name":"(anonymous_2)","decl":{"start":{"line":9,"column":6},"end":{"line":9,"column":7}},"loc":{"start":{"line":9,"column":28},"end":{"line":12,"column":1}},"line":9},"3":{"name":"(anonymous_3)","decl":{"start":{"line":13,"column":80},"end":{"line":13,"column":81}},"loc":{"start":{"line":13,"column":95},"end":{"line":15,"column":1}},"line":13},"4":{"name":"(anonymous_4)","decl":{"start":{"line":15,"column":5},"end":{"line":15,"column":6}},"loc":{"start":{"line":15,"column":20},"end":{"line":17,"column":1}},"line":15},"5":{"name":"(anonymous_5)","decl":{"start":{"line":18,"column":50},"end":{"line":18,"column":51}},"loc":{"start":{"line":18,"column":65},"end":{"line":24,"column":1}},"line":18},"6":{"name":"(anonymous_6)","decl":{"start":{"line":25,"column":56},"end":{"line":25,"column":57}},"loc":{"start":{"line":25,"column":71},"end":{"line":27,"column":1}},"line":25},"7":{"name":"(anonymous_7)","decl":{"start":{"line":34,"column":18},"end":{"line":34,"column":19}},"loc":{"start":{"line":34,"column":46},"end":{"line":48,"column":1}},"line":34},"8":{"name":"(anonymous_8)","decl":{"start":{"line":50,"column":15},"end":{"line":50,"column":16}},"loc":{"start":{"line":50,"column":41},"end":{"line":60,"column":1}},"line":50}},"branchMap":{"0":{"loc":{"start":{"line":2,"column":22},"end":{"line":12,"column":3}},"type":"binary-expr","locations":[{"start":{"line":2,"column":23},"end":{"line":2,"column":27}},{"start":{"line":2,"column":31},"end":{"line":2,"column":51}},{"start":{"line":2,"column":57},"end":{"line":12,"column":2}}],"line":2},"1":{"loc":{"start":{"line":2,"column":57},"end":{"line":12,"column":2}},"type":"cond-expr","locations":[{"start":{"line":2,"column":74},"end":{"line":9,"column":1}},{"start":{"line":9,"column":6},"end":{"line":12,"column":1}}],"line":2},"2":{"loc":{"start":{"line":3,"column":4},"end":{"line":3,"column":33}},"type":"if","locations":[{"start":{"line":3,"column":4},"end":{"line":3,"column":33}},{"start":{},"end":{}}],"line":3},"3":{"loc":{"start":{"line":5,"column":4},"end":{"line":7,"column":5}},"type":"if","locations":[{"start":{"line":5,"column":4},"end":{"line":7,"column":5}},{"start":{},"end":{}}],"line":5},"4":{"loc":{"start":{"line":5,"column":8},"end":{"line":5,"column":85}},"type":"binary-expr","locations":[{"start":{"line":5,"column":8},"end":{"line":5,"column":13}},{"start":{"line":5,"column":18},"end":{"line":5,"column":84}}],"line":5},"5":{"loc":{"start":{"line":5,"column":18},"end":{"line":5,"column":84}},"type":"cond-expr","locations":[{"start":{"line":5,"column":34},"end":{"line":5,"column":47}},{"start":{"line":5,"column":50},"end":{"line":5,"column":84}}],"line":5},"6":{"loc":{"start":{"line":5,"column":50},"end":{"line":5,"column":84}},"type":"binary-expr","locations":[{"start":{"line":5,"column":50},"end":{"line":5,"column":63}},{"start":{"line":5,"column":67},"end":{"line":5,"column":84}}],"line":5},"7":{"loc":{"start":{"line":10,"column":4},"end":{"line":10,"column":33}},"type":"if","locations":[{"start":{"line":10,"column":4},"end":{"line":10,"column":33}},{"start":{},"end":{}}],"line":10},"8":{"loc":{"start":{"line":13,"column":25},"end":{"line":17,"column":2}},"type":"binary-expr","locations":[{"start":{"line":13,"column":26},"end":{"line":13,"column":30}},{"start":{"line":13,"column":34},"end":{"line":13,"column":57}},{"start":{"line":13,"column":63},"end":{"line":17,"column":1}}],"line":13},"9":{"loc":{"start":{"line":13,"column":63},"end":{"line":17,"column":1}},"type":"cond-expr","locations":[{"start":{"line":13,"column":80},"end":{"line":15,"column":1}},{"start":{"line":15,"column":5},"end":{"line":17,"column":1}}],"line":13},"10":{"loc":{"start":{"line":18,"column":19},"end":{"line":24,"column":1}},"type":"binary-expr","locations":[{"start":{"line":18,"column":20},"end":{"line":18,"column":24}},{"start":{"line":18,"column":28},"end":{"line":18,"column":45}},{"start":{"line":18,"column":50},"end":{"line":24,"column":1}}],"line":18},"11":{"loc":{"start":{"line":19,"column":4},"end":{"line":19,"column":42}},"type":"if","locations":[{"start":{"line":19,"column":4},"end":{"line":19,"column":42}},{"start":{},"end":{}}],"line":19},"12":{"loc":{"start":{"line":19,"column":8},"end":{"line":19,"column":29}},"type":"binary-expr","locations":[{"start":{"line":19,"column":8},"end":{"line":19,"column":11}},{"start":{"line":19,"column":15},"end":{"line":19,"column":29}}],"line":19},"13":{"loc":{"start":{"line":21,"column":4},"end":{"line":21,"column":141}},"type":"if","locations":[{"start":{"line":21,"column":4},"end":{"line":21,"column":141}},{"start":{},"end":{}}],"line":21},"14":{"loc":{"start":{"line":21,"column":40},"end":{"line":21,"column":141}},"type":"if","locations":[{"start":{"line":21,"column":40},"end":{"line":21,"column":141}},{"start":{},"end":{}}],"line":21},"15":{"loc":{"start":{"line":21,"column":44},"end":{"line":21,"column":107}},"type":"binary-expr","locations":[{"start":{"line":21,"column":44},"end":{"line":21,"column":59}},{"start":{"line":21,"column":63},"end":{"line":21,"column":107}}],"line":21},"16":{"loc":{"start":{"line":25,"column":22},"end":{"line":27,"column":1}},"type":"binary-expr","locations":[{"start":{"line":25,"column":23},"end":{"line":25,"column":27}},{"start":{"line":25,"column":31},"end":{"line":25,"column":51}},{"start":{"line":25,"column":56},"end":{"line":27,"column":1}}],"line":25},"17":{"loc":{"start":{"line":26,"column":11},"end":{"line":26,"column":61}},"type":"cond-expr","locations":[{"start":{"line":26,"column":37},"end":{"line":26,"column":40}},{"start":{"line":26,"column":43},"end":{"line":26,"column":61}}],"line":26},"18":{"loc":{"start":{"line":26,"column":12},"end":{"line":26,"column":33}},"type":"binary-expr","locations":[{"start":{"line":26,"column":12},"end":{"line":26,"column":15}},{"start":{"line":26,"column":19},"end":{"line":26,"column":33}}],"line":26},"19":{"loc":{"start":{"line":40,"column":8},"end":{"line":42,"column":9}},"type":"if","locations":[{"start":{"line":40,"column":8},"end":{"line":42,"column":9}},{"start":{},"end":{}}],"line":40}},"s":{"0":1,"1":103,"2":103,"3":103,"4":103,"5":98,"6":0,"7":103,"8":0,"9":0,"10":0,"11":1,"12":1,"13":0,"14":1,"15":1,"16":0,"17":1,"18":1,"19":1,"20":103,"21":103,"22":1,"23":1,"24":1,"25":1,"26":1,"27":1,"28":1,"29":1,"30":1,"31":1,"32":1,"33":0,"34":0,"35":0,"36":0,"37":0,"38":0,"39":0,"40":0,"41":0,"42":1,"43":1,"44":0,"45":0,"46":0,"47":0,"48":0,"49":0,"50":1},"f":{"0":103,"1":0,"2":0,"3":1,"4":0,"5":1,"6":1,"7":0,"8":0},"b":{"0":[1,1,1],"1":[1,0],"2":[103,0],"3":[98,5],"4":[103,103],"5":[5,98],"6":[98,5],"7":[0,0],"8":[1,1,1],"9":[1,0],"10":[1,1,1],"11":[0,1],"12":[1,1],"13":[1,0],"14":[103,0],"15":[103,103],"16":[1,1,1],"17":[0,1],"18":[1,1],"19":[0,0]},"_coverageSchema":"1a1c01bbd47fc00a2c39e90264f33305004495a9","hash":"cb1eb84f19455e91f997974c2726a993e513714e"}
,"/home/vova/Documents/js/training-helper-backend/dist/middleware/validationMiddleware.js": {"path":"/home/vova/Documents/js/training-helper-backend/dist/middleware/validationMiddleware.js","statementMap":{"0":{"start":{"line":2,"column":22},"end":{"line":4,"column":1}},"1":{"start":{"line":3,"column":4},"end":{"line":3,"column":62}},"2":{"start":{"line":5,"column":0},"end":{"line":5,"column":62}},"3":{"start":{"line":6,"column":28},"end":{"line":6,"column":56}},"4":{"start":{"line":7,"column":26},"end":{"line":7,"column":52}},"5":{"start":{"line":8,"column":24},"end":{"line":8,"column":79}},"6":{"start":{"line":10,"column":4},"end":{"line":29,"column":6}},"7":{"start":{"line":11,"column":8},"end":{"line":28,"column":51}},"8":{"start":{"line":13,"column":12},"end":{"line":26,"column":13}},"9":{"start":{"line":14,"column":32},"end":{"line":21,"column":29}},"10":{"start":{"line":15,"column":20},"end":{"line":20,"column":21}},"11":{"start":{"line":16,"column":24},"end":{"line":16,"column":64}},"12":{"start":{"line":19,"column":24},"end":{"line":19,"column":34}},"13":{"start":{"line":22,"column":16},"end":{"line":22,"column":64}},"14":{"start":{"line":25,"column":16},"end":{"line":25,"column":23}},"15":{"start":{"line":28,"column":30},"end":{"line":28,"column":47}},"16":{"start":{"line":31,"column":0},"end":{"line":31,"column":39}}},"fnMap":{"0":{"name":"(anonymous_0)","decl":{"start":{"line":2,"column":56},"end":{"line":2,"column":57}},"loc":{"start":{"line":2,"column":71},"end":{"line":4,"column":1}},"line":2},"1":{"name":"validationMiddleware","decl":{"start":{"line":9,"column":9},"end":{"line":9,"column":29}},"loc":{"start":{"line":9,"column":36},"end":{"line":30,"column":1}},"line":9},"2":{"name":"(anonymous_2)","decl":{"start":{"line":10,"column":11},"end":{"line":10,"column":12}},"loc":{"start":{"line":10,"column":31},"end":{"line":29,"column":5}},"line":10},"3":{"name":"(anonymous_3)","decl":{"start":{"line":12,"column":18},"end":{"line":12,"column":19}},"loc":{"start":{"line":12,"column":30},"end":{"line":27,"column":9}},"line":12},"4":{"name":"(anonymous_4)","decl":{"start":{"line":14,"column":43},"end":{"line":14,"column":44}},"loc":{"start":{"line":14,"column":54},"end":{"line":21,"column":17}},"line":14},"5":{"name":"(anonymous_5)","decl":{"start":{"line":28,"column":19},"end":{"line":28,"column":20}},"loc":{"start":{"line":28,"column":28},"end":{"line":28,"column":49}},"line":28}},"branchMap":{"0":{"loc":{"start":{"line":2,"column":22},"end":{"line":4,"column":1}},"type":"binary-expr","locations":[{"start":{"line":2,"column":23},"end":{"line":2,"column":27}},{"start":{"line":2,"column":31},"end":{"line":2,"column":51}},{"start":{"line":2,"column":56},"end":{"line":4,"column":1}}],"line":2},"1":{"loc":{"start":{"line":3,"column":11},"end":{"line":3,"column":61}},"type":"cond-expr","locations":[{"start":{"line":3,"column":37},"end":{"line":3,"column":40}},{"start":{"line":3,"column":43},"end":{"line":3,"column":61}}],"line":3},"2":{"loc":{"start":{"line":3,"column":12},"end":{"line":3,"column":33}},"type":"binary-expr","locations":[{"start":{"line":3,"column":12},"end":{"line":3,"column":15}},{"start":{"line":3,"column":19},"end":{"line":3,"column":33}}],"line":3},"3":{"loc":{"start":{"line":13,"column":12},"end":{"line":26,"column":13}},"type":"if","locations":[{"start":{"line":13,"column":12},"end":{"line":26,"column":13}},{"start":{"line":24,"column":17},"end":{"line":26,"column":13}}],"line":13},"4":{"loc":{"start":{"line":15,"column":20},"end":{"line":20,"column":21}},"type":"if","locations":[{"start":{"line":15,"column":20},"end":{"line":20,"column":21}},{"start":{"line":18,"column":25},"end":{"line":20,"column":21}}],"line":15}},"s":{"0":1,"1":1,"2":1,"3":1,"4":1,"5":1,"6":1,"7":0,"8":0,"9":0,"10":0,"11":0,"12":0,"13":0,"14":0,"15":0,"16":1},"f":{"0":1,"1":1,"2":0,"3":0,"4":0,"5":0},"b":{"0":[1,1,1],"1":[1,0],"2":[1,1],"3":[0,0],"4":[0,0]},"_coverageSchema":"1a1c01bbd47fc00a2c39e90264f33305004495a9","hash":"0b16cf2b4c67ace2008bc285806d3856d1216845"}
,"/home/vova/Documents/js/training-helper-backend/dist/middleware/verifyToken.js": {"path":"/home/vova/Documents/js/training-helper-backend/dist/middleware/verifyToken.js","statementMap":{"0":{"start":{"line":2,"column":22},"end":{"line":4,"column":1}},"1":{"start":{"line":3,"column":4},"end":{"line":3,"column":62}},"2":{"start":{"line":5,"column":0},"end":{"line":5,"column":62}},"3":{"start":{"line":6,"column":23},"end":{"line":6,"column":63}},"4":{"start":{"line":9,"column":20},"end":{"line":21,"column":1}},"5":{"start":{"line":10,"column":25},"end":{"line":10,"column":56}},"6":{"start":{"line":11,"column":23},"end":{"line":11,"column":77}},"7":{"start":{"line":12,"column":4},"end":{"line":13,"column":28}},"8":{"start":{"line":13,"column":8},"end":{"line":13,"column":28}},"9":{"start":{"line":14,"column":18},"end":{"line":14,"column":42}},"10":{"start":{"line":15,"column":20},"end":{"line":15,"column":70}},"11":{"start":{"line":16,"column":4},"end":{"line":16,"column":39}},"12":{"start":{"line":20,"column":4},"end":{"line":20,"column":11}},"13":{"start":{"line":22,"column":0},"end":{"line":22,"column":30}}},"fnMap":{"0":{"name":"(anonymous_0)","decl":{"start":{"line":2,"column":56},"end":{"line":2,"column":57}},"loc":{"start":{"line":2,"column":71},"end":{"line":4,"column":1}},"line":2},"1":{"name":"(anonymous_1)","decl":{"start":{"line":9,"column":20},"end":{"line":9,"column":21}},"loc":{"start":{"line":9,"column":40},"end":{"line":21,"column":1}},"line":9}},"branchMap":{"0":{"loc":{"start":{"line":2,"column":22},"end":{"line":4,"column":1}},"type":"binary-expr","locations":[{"start":{"line":2,"column":23},"end":{"line":2,"column":27}},{"start":{"line":2,"column":31},"end":{"line":2,"column":51}},{"start":{"line":2,"column":56},"end":{"line":4,"column":1}}],"line":2},"1":{"loc":{"start":{"line":3,"column":11},"end":{"line":3,"column":61}},"type":"cond-expr","locations":[{"start":{"line":3,"column":37},"end":{"line":3,"column":40}},{"start":{"line":3,"column":43},"end":{"line":3,"column":61}}],"line":3},"2":{"loc":{"start":{"line":3,"column":12},"end":{"line":3,"column":33}},"type":"binary-expr","locations":[{"start":{"line":3,"column":12},"end":{"line":3,"column":15}},{"start":{"line":3,"column":19},"end":{"line":3,"column":33}}],"line":3},"3":{"loc":{"start":{"line":11,"column":23},"end":{"line":11,"column":77}},"type":"binary-expr","locations":[{"start":{"line":11,"column":23},"end":{"line":11,"column":48}},{"start":{"line":11,"column":52},"end":{"line":11,"column":77}}],"line":11},"4":{"loc":{"start":{"line":12,"column":4},"end":{"line":13,"column":28}},"type":"if","locations":[{"start":{"line":12,"column":4},"end":{"line":13,"column":28}},{"start":{},"end":{}}],"line":12}},"s":{"0":0,"1":0,"2":0,"3":0,"4":0,"5":0,"6":0,"7":0,"8":0,"9":0,"10":0,"11":0,"12":0,"13":0},"f":{"0":0,"1":0},"b":{"0":[0,0,0],"1":[0,0],"2":[0,0],"3":[0,0],"4":[0,0]}}
,"/home/vova/Documents/js/training-helper-backend/dist/models/Training.js": {"path":"/home/vova/Documents/js/training-helper-backend/dist/models/Training.js","statementMap":{"0":{"start":{"line":2,"column":22},"end":{"line":4,"column":1}},"1":{"start":{"line":3,"column":4},"end":{"line":3,"column":62}},"2":{"start":{"line":5,"column":0},"end":{"line":5,"column":62}},"3":{"start":{"line":6,"column":0},"end":{"line":6,"column":26}},"4":{"start":{"line":7,"column":19},"end":{"line":7,"column":55}},"5":{"start":{"line":8,"column":15},"end":{"line":8,"column":40}},"6":{"start":{"line":9,"column":23},"end":{"line":47,"column":2}},"7":{"start":{"line":48,"column":0},"end":{"line":48,"column":72}}},"fnMap":{"0":{"name":"(anonymous_0)","decl":{"start":{"line":2,"column":56},"end":{"line":2,"column":57}},"loc":{"start":{"line":2,"column":71},"end":{"line":4,"column":1}},"line":2}},"branchMap":{"0":{"loc":{"start":{"line":2,"column":22},"end":{"line":4,"column":1}},"type":"binary-expr","locations":[{"start":{"line":2,"column":23},"end":{"line":2,"column":27}},{"start":{"line":2,"column":31},"end":{"line":2,"column":51}},{"start":{"line":2,"column":56},"end":{"line":4,"column":1}}],"line":2},"1":{"loc":{"start":{"line":3,"column":11},"end":{"line":3,"column":61}},"type":"cond-expr","locations":[{"start":{"line":3,"column":37},"end":{"line":3,"column":40}},{"start":{"line":3,"column":43},"end":{"line":3,"column":61}}],"line":3},"2":{"loc":{"start":{"line":3,"column":12},"end":{"line":3,"column":33}},"type":"binary-expr","locations":[{"start":{"line":3,"column":12},"end":{"line":3,"column":15}},{"start":{"line":3,"column":19},"end":{"line":3,"column":33}}],"line":3}},"s":{"0":3,"1":3,"2":3,"3":3,"4":3,"5":3,"6":3,"7":3},"f":{"0":3},"b":{"0":[3,3,3],"1":[0,3],"2":[3,3]},"_coverageSchema":"1a1c01bbd47fc00a2c39e90264f33305004495a9","hash":"b545ec4c0047ee0597d0dfa1ca91c937edb915ca"}
,"/home/vova/Documents/js/training-helper-backend/dist/models/User.js": {"path":"/home/vova/Documents/js/training-helper-backend/dist/models/User.js","statementMap":{"0":{"start":{"line":2,"column":22},"end":{"line":4,"column":1}},"1":{"start":{"line":3,"column":4},"end":{"line":3,"column":62}},"2":{"start":{"line":5,"column":0},"end":{"line":5,"column":62}},"3":{"start":{"line":6,"column":0},"end":{"line":6,"column":43}},"4":{"start":{"line":7,"column":19},"end":{"line":7,"column":55}},"5":{"start":{"line":8,"column":15},"end":{"line":8,"column":40}},"6":{"start":{"line":9,"column":0},"end":{"line":19,"column":3}},"7":{"start":{"line":20,"column":0},"end":{"line":20,"column":68}}},"fnMap":{"0":{"name":"(anonymous_0)","decl":{"start":{"line":2,"column":56},"end":{"line":2,"column":57}},"loc":{"start":{"line":2,"column":71},"end":{"line":4,"column":1}},"line":2}},"branchMap":{"0":{"loc":{"start":{"line":2,"column":22},"end":{"line":4,"column":1}},"type":"binary-expr","locations":[{"start":{"line":2,"column":23},"end":{"line":2,"column":27}},{"start":{"line":2,"column":31},"end":{"line":2,"column":51}},{"start":{"line":2,"column":56},"end":{"line":4,"column":1}}],"line":2},"1":{"loc":{"start":{"line":3,"column":11},"end":{"line":3,"column":61}},"type":"cond-expr","locations":[{"start":{"line":3,"column":37},"end":{"line":3,"column":40}},{"start":{"line":3,"column":43},"end":{"line":3,"column":61}}],"line":3},"2":{"loc":{"start":{"line":3,"column":12},"end":{"line":3,"column":33}},"type":"binary-expr","locations":[{"start":{"line":3,"column":12},"end":{"line":3,"column":15}},{"start":{"line":3,"column":19},"end":{"line":3,"column":33}}],"line":3}},"s":{"0":3,"1":3,"2":3,"3":3,"4":3,"5":3,"6":3,"7":3},"f":{"0":3},"b":{"0":[3,3,3],"1":[0,3],"2":[3,3]},"_coverageSchema":"1a1c01bbd47fc00a2c39e90264f33305004495a9","hash":"b42e5da53686106644fb8147c5972929106a52a4"}
,"/home/vova/Documents/js/training-helper-backend/dist/services/auth.service.js": {"path":"/home/vova/Documents/js/training-helper-backend/dist/services/auth.service.js","statementMap":{"0":{"start":{"line":2,"column":22},"end":{"line":4,"column":1}},"1":{"start":{"line":3,"column":4},"end":{"line":3,"column":62}},"2":{"start":{"line":5,"column":0},"end":{"line":5,"column":62}},"3":{"start":{"line":6,"column":15},"end":{"line":6,"column":40}},"4":{"start":{"line":7,"column":24},"end":{"line":7,"column":79}},"5":{"start":{"line":8,"column":17},"end":{"line":8,"column":51}},"6":{"start":{"line":9,"column":23},"end":{"line":9,"column":63}},"7":{"start":{"line":14,"column":8},"end":{"line":14,"column":60}},"8":{"start":{"line":15,"column":8},"end":{"line":15,"column":62}},"9":{"start":{"line":18,"column":39},"end":{"line":18,"column":47}},"10":{"start":{"line":19,"column":8},"end":{"line":19,"column":44}},"11":{"start":{"line":20,"column":8},"end":{"line":20,"column":42}},"12":{"start":{"line":21,"column":31},"end":{"line":21,"column":72}},"13":{"start":{"line":22,"column":28},"end":{"line":25,"column":10}},"14":{"start":{"line":26,"column":8},"end":{"line":26,"column":36}},"15":{"start":{"line":29,"column":39},"end":{"line":29,"column":47}},"16":{"start":{"line":30,"column":8},"end":{"line":30,"column":44}},"17":{"start":{"line":31,"column":28},"end":{"line":31,"column":71}},"18":{"start":{"line":32,"column":22},"end":{"line":32,"column":84}},"19":{"start":{"line":33,"column":8},"end":{"line":34,"column":67}},"20":{"start":{"line":34,"column":12},"end":{"line":34,"column":67}},"21":{"start":{"line":35,"column":44},"end":{"line":35,"column":79}},"22":{"start":{"line":36,"column":8},"end":{"line":36,"column":63}},"23":{"start":{"line":37,"column":8},"end":{"line":37,"column":43}},"24":{"start":{"line":40,"column":8},"end":{"line":40,"column":48}},"25":{"start":{"line":41,"column":28},"end":{"line":41,"column":75}},"26":{"start":{"line":42,"column":8},"end":{"line":42,"column":38}},"27":{"start":{"line":43,"column":8},"end":{"line":44,"column":64}},"28":{"start":{"line":44,"column":12},"end":{"line":44,"column":64}},"29":{"start":{"line":45,"column":8},"end":{"line":45,"column":61}},"30":{"start":{"line":46,"column":30},"end":{"line":46,"column":77}},"31":{"start":{"line":47,"column":8},"end":{"line":47,"column":27}},"32":{"start":{"line":50,"column":26},"end":{"line":50,"column":65}},"33":{"start":{"line":51,"column":8},"end":{"line":53,"column":9}},"34":{"start":{"line":52,"column":12},"end":{"line":52,"column":75}},"35":{"start":{"line":54,"column":8},"end":{"line":54,"column":21}},"36":{"start":{"line":57,"column":8},"end":{"line":59,"column":9}},"37":{"start":{"line":58,"column":12},"end":{"line":58,"column":89}},"38":{"start":{"line":62,"column":8},"end":{"line":64,"column":9}},"39":{"start":{"line":63,"column":12},"end":{"line":63,"column":67}},"40":{"start":{"line":67,"column":21},"end":{"line":67,"column":63}},"41":{"start":{"line":68,"column":8},"end":{"line":70,"column":9}},"42":{"start":{"line":69,"column":12},"end":{"line":69,"column":67}},"43":{"start":{"line":71,"column":8},"end":{"line":71,"column":20}},"44":{"start":{"line":74,"column":24},"end":{"line":76,"column":9}},"45":{"start":{"line":77,"column":28},"end":{"line":77,"column":105}},"46":{"start":{"line":78,"column":29},"end":{"line":78,"column":106}},"47":{"start":{"line":79,"column":8},"end":{"line":79,"column":43}},"48":{"start":{"line":82,"column":8},"end":{"line":82,"column":38}},"49":{"start":{"line":83,"column":8},"end":{"line":83,"column":30}},"50":{"start":{"line":86,"column":24},"end":{"line":86,"column":80}},"51":{"start":{"line":87,"column":8},"end":{"line":88,"column":64}},"52":{"start":{"line":88,"column":12},"end":{"line":88,"column":64}},"53":{"start":{"line":91,"column":0},"end":{"line":91,"column":30}}},"fnMap":{"0":{"name":"(anonymous_0)","decl":{"start":{"line":2,"column":56},"end":{"line":2,"column":57}},"loc":{"start":{"line":2,"column":71},"end":{"line":4,"column":1}},"line":2},"1":{"name":"(anonymous_1)","decl":{"start":{"line":13,"column":4},"end":{"line":13,"column":5}},"loc":{"start":{"line":13,"column":18},"end":{"line":16,"column":5}},"line":13},"2":{"name":"(anonymous_2)","decl":{"start":{"line":17,"column":4},"end":{"line":17,"column":5}},"loc":{"start":{"line":17,"column":29},"end":{"line":27,"column":5}},"line":17},"3":{"name":"(anonymous_3)","decl":{"start":{"line":28,"column":4},"end":{"line":28,"column":5}},"loc":{"start":{"line":28,"column":26},"end":{"line":38,"column":5}},"line":28},"4":{"name":"(anonymous_4)","decl":{"start":{"line":39,"column":4},"end":{"line":39,"column":5}},"loc":{"start":{"line":39,"column":32},"end":{"line":48,"column":5}},"line":39},"5":{"name":"(anonymous_5)","decl":{"start":{"line":49,"column":4},"end":{"line":49,"column":5}},"loc":{"start":{"line":49,"column":33},"end":{"line":55,"column":5}},"line":49},"6":{"name":"(anonymous_6)","decl":{"start":{"line":56,"column":4},"end":{"line":56,"column":5}},"loc":{"start":{"line":56,"column":35},"end":{"line":60,"column":5}},"line":56},"7":{"name":"(anonymous_7)","decl":{"start":{"line":61,"column":4},"end":{"line":61,"column":5}},"loc":{"start":{"line":61,"column":32},"end":{"line":65,"column":5}},"line":61},"8":{"name":"(anonymous_8)","decl":{"start":{"line":66,"column":4},"end":{"line":66,"column":5}},"loc":{"start":{"line":66,"column":39},"end":{"line":72,"column":5}},"line":66},"9":{"name":"(anonymous_9)","decl":{"start":{"line":73,"column":4},"end":{"line":73,"column":5}},"loc":{"start":{"line":73,"column":35},"end":{"line":80,"column":5}},"line":73},"10":{"name":"(anonymous_10)","decl":{"start":{"line":81,"column":4},"end":{"line":81,"column":5}},"loc":{"start":{"line":81,"column":44},"end":{"line":84,"column":5}},"line":81},"11":{"name":"(anonymous_11)","decl":{"start":{"line":85,"column":4},"end":{"line":85,"column":5}},"loc":{"start":{"line":85,"column":33},"end":{"line":89,"column":5}},"line":85}},"branchMap":{"0":{"loc":{"start":{"line":2,"column":22},"end":{"line":4,"column":1}},"type":"binary-expr","locations":[{"start":{"line":2,"column":23},"end":{"line":2,"column":27}},{"start":{"line":2,"column":31},"end":{"line":2,"column":51}},{"start":{"line":2,"column":56},"end":{"line":4,"column":1}}],"line":2},"1":{"loc":{"start":{"line":3,"column":11},"end":{"line":3,"column":61}},"type":"cond-expr","locations":[{"start":{"line":3,"column":37},"end":{"line":3,"column":40}},{"start":{"line":3,"column":43},"end":{"line":3,"column":61}}],"line":3},"2":{"loc":{"start":{"line":3,"column":12},"end":{"line":3,"column":33}},"type":"binary-expr","locations":[{"start":{"line":3,"column":12},"end":{"line":3,"column":15}},{"start":{"line":3,"column":19},"end":{"line":3,"column":33}}],"line":3},"3":{"loc":{"start":{"line":33,"column":8},"end":{"line":34,"column":67}},"type":"if","locations":[{"start":{"line":33,"column":8},"end":{"line":34,"column":67}},{"start":{},"end":{}}],"line":33},"4":{"loc":{"start":{"line":33,"column":12},"end":{"line":33,"column":36}},"type":"binary-expr","locations":[{"start":{"line":33,"column":12},"end":{"line":33,"column":26}},{"start":{"line":33,"column":30},"end":{"line":33,"column":36}}],"line":33},"5":{"loc":{"start":{"line":43,"column":8},"end":{"line":44,"column":64}},"type":"if","locations":[{"start":{"line":43,"column":8},"end":{"line":44,"column":64}},{"start":{},"end":{}}],"line":43},"6":{"loc":{"start":{"line":51,"column":8},"end":{"line":53,"column":9}},"type":"if","locations":[{"start":{"line":51,"column":8},"end":{"line":53,"column":9}},{"start":{},"end":{}}],"line":51},"7":{"loc":{"start":{"line":57,"column":8},"end":{"line":59,"column":9}},"type":"if","locations":[{"start":{"line":57,"column":8},"end":{"line":59,"column":9}},{"start":{},"end":{}}],"line":57},"8":{"loc":{"start":{"line":57,"column":12},"end":{"line":57,"column":98}},"type":"binary-expr","locations":[{"start":{"line":57,"column":12},"end":{"line":57,"column":27}},{"start":{"line":57,"column":31},"end":{"line":57,"column":46}},{"start":{"line":57,"column":50},"end":{"line":57,"column":72}},{"start":{"line":57,"column":76},"end":{"line":57,"column":98}}],"line":57},"9":{"loc":{"start":{"line":62,"column":8},"end":{"line":64,"column":9}},"type":"if","locations":[{"start":{"line":62,"column":8},"end":{"line":64,"column":9}},{"start":{},"end":{}}],"line":62},"10":{"loc":{"start":{"line":62,"column":12},"end":{"line":62,"column":47}},"type":"binary-expr","locations":[{"start":{"line":62,"column":12},"end":{"line":62,"column":31}},{"start":{"line":62,"column":35},"end":{"line":62,"column":47}}],"line":62},"11":{"loc":{"start":{"line":68,"column":8},"end":{"line":70,"column":9}},"type":"if","locations":[{"start":{"line":68,"column":8},"end":{"line":70,"column":9}},{"start":{},"end":{}}],"line":68},"12":{"loc":{"start":{"line":87,"column":8},"end":{"line":88,"column":64}},"type":"if","locations":[{"start":{"line":87,"column":8},"end":{"line":88,"column":64}},{"start":{},"end":{}}],"line":87}},"s":{"0":2,"1":6,"2":2,"3":2,"4":2,"5":2,"6":2,"7":12,"8":12,"9":3,"10":3,"11":1,"12":1,"13":1,"14":1,"15":4,"16":4,"17":2,"18":2,"19":2,"20":1,"21":1,"22":1,"23":1,"24":2,"25":2,"26":2,"27":2,"28":1,"29":1,"30":1,"31":1,"32":2,"33":2,"34":1,"35":1,"36":7,"37":4,"38":1,"39":0,"40":0,"41":0,"42":0,"43":0,"44":0,"45":0,"46":0,"47":0,"48":0,"49":0,"50":0,"51":0,"52":0,"53":2},"f":{"0":6,"1":12,"2":3,"3":4,"4":2,"5":2,"6":7,"7":1,"8":0,"9":0,"10":0,"11":0},"b":{"0":[2,2,2],"1":[2,4],"2":[6,6],"3":[1,1],"4":[2,2],"5":[1,1],"6":[1,1],"7":[4,3],"8":[7,5,3,3],"9":[0,1],"10":[1,1],"11":[0,0],"12":[0,0]},"_coverageSchema":"1a1c01bbd47fc00a2c39e90264f33305004495a9","hash":"5d51f9ef0886513544ff962a785356af753169a2"}
,"/home/vova/Documents/js/training-helper-backend/dist/services/test.services.js": {"path":"/home/vova/Documents/js/training-helper-backend/dist/services/test.services.js","statementMap":{"0":{"start":{"line":2,"column":22},"end":{"line":4,"column":1}},"1":{"start":{"line":3,"column":4},"end":{"line":3,"column":62}},"2":{"start":{"line":5,"column":0},"end":{"line":5,"column":62}},"3":{"start":{"line":6,"column":19},"end":{"line":6,"column":48}},"4":{"start":{"line":7,"column":24},"end":{"line":7,"column":75}},"5":{"start":{"line":10,"column":22},"end":{"line":10,"column":37}},"6":{"start":{"line":11,"column":26},"end":{"line":11,"column":52}},"7":{"start":{"line":12,"column":32},"end":{"line":16,"column":10}},"8":{"start":{"line":17,"column":8},"end":{"line":17,"column":31}},"9":{"start":{"line":19,"column":29},"end":{"line":21,"column":5}},"10":{"start":{"line":20,"column":8},"end":{"line":20,"column":73}},"11":{"start":{"line":22,"column":26},"end":{"line":34,"column":5}},"12":{"start":{"line":23,"column":26},"end":{"line":23,"column":28}},"13":{"start":{"line":24,"column":8},"end":{"line":32,"column":9}},"14":{"start":{"line":24,"column":21},"end":{"line":24,"column":22}},"15":{"start":{"line":25,"column":25},"end":{"line":25,"column":62}},"16":{"start":{"line":26,"column":29},"end":{"line":30,"column":13}},"17":{"start":{"line":31,"column":12},"end":{"line":31,"column":37}},"18":{"start":{"line":33,"column":8},"end":{"line":33,"column":25}},"19":{"start":{"line":35,"column":37},"end":{"line":46,"column":5}},"20":{"start":{"line":36,"column":21},"end":{"line":36,"column":23}},"21":{"start":{"line":37,"column":8},"end":{"line":44,"column":9}},"22":{"start":{"line":37,"column":21},"end":{"line":37,"column":22}},"23":{"start":{"line":38,"column":30},"end":{"line":42,"column":13}},"24":{"start":{"line":43,"column":12},"end":{"line":43,"column":33}},"25":{"start":{"line":45,"column":8},"end":{"line":45,"column":20}},"26":{"start":{"line":47,"column":22},"end":{"line":49,"column":5}},"27":{"start":{"line":48,"column":8},"end":{"line":48,"column":65}},"28":{"start":{"line":50,"column":27},"end":{"line":53,"column":5}},"29":{"start":{"line":51,"column":34},"end":{"line":51,"column":92}},"30":{"start":{"line":52,"column":8},"end":{"line":52,"column":33}},"31":{"start":{"line":55,"column":0},"end":{"line":55,"column":30}}},"fnMap":{"0":{"name":"(anonymous_0)","decl":{"start":{"line":2,"column":56},"end":{"line":2,"column":57}},"loc":{"start":{"line":2,"column":71},"end":{"line":4,"column":1}},"line":2},"1":{"name":"(anonymous_1)","decl":{"start":{"line":9,"column":4},"end":{"line":9,"column":5}},"loc":{"start":{"line":9,"column":41},"end":{"line":18,"column":5}},"line":9},"2":{"name":"(anonymous_2)","decl":{"start":{"line":19,"column":29},"end":{"line":19,"column":30}},"loc":{"start":{"line":19,"column":41},"end":{"line":21,"column":5}},"line":19},"3":{"name":"(anonymous_3)","decl":{"start":{"line":22,"column":26},"end":{"line":22,"column":27}},"loc":{"start":{"line":22,"column":32},"end":{"line":34,"column":5}},"line":22},"4":{"name":"(anonymous_4)","decl":{"start":{"line":35,"column":37},"end":{"line":35,"column":38}},"loc":{"start":{"line":35,"column":43},"end":{"line":46,"column":5}},"line":35},"5":{"name":"(anonymous_5)","decl":{"start":{"line":47,"column":22},"end":{"line":47,"column":23}},"loc":{"start":{"line":47,"column":36},"end":{"line":49,"column":5}},"line":47},"6":{"name":"(anonymous_6)","decl":{"start":{"line":50,"column":27},"end":{"line":50,"column":28}},"loc":{"start":{"line":50,"column":39},"end":{"line":53,"column":5}},"line":50}},"branchMap":{"0":{"loc":{"start":{"line":2,"column":22},"end":{"line":4,"column":1}},"type":"binary-expr","locations":[{"start":{"line":2,"column":23},"end":{"line":2,"column":27}},{"start":{"line":2,"column":31},"end":{"line":2,"column":51}},{"start":{"line":2,"column":56},"end":{"line":4,"column":1}}],"line":2},"1":{"loc":{"start":{"line":3,"column":11},"end":{"line":3,"column":61}},"type":"cond-expr","locations":[{"start":{"line":3,"column":37},"end":{"line":3,"column":40}},{"start":{"line":3,"column":43},"end":{"line":3,"column":61}}],"line":3},"2":{"loc":{"start":{"line":3,"column":12},"end":{"line":3,"column":33}},"type":"binary-expr","locations":[{"start":{"line":3,"column":12},"end":{"line":3,"column":15}},{"start":{"line":3,"column":19},"end":{"line":3,"column":33}}],"line":3}},"s":{"0":2,"1":2,"2":2,"3":2,"4":2,"5":1,"6":1,"7":1,"8":1,"9":2,"10":0,"11":2,"12":2,"13":2,"14":2,"15":8,"16":8,"17":8,"18":2,"19":2,"20":9,"21":9,"22":9,"23":45,"24":45,"25":9,"26":2,"27":162,"28":2,"29":0,"30":0,"31":2},"f":{"0":2,"1":1,"2":0,"3":2,"4":9,"5":162,"6":0},"b":{"0":[2,2,2],"1":[2,0],"2":[2,2]},"_coverageSchema":"1a1c01bbd47fc00a2c39e90264f33305004495a9","hash":"df8369b926be099094fe6caa2ff4f177bea72a70"}
,"/home/vova/Documents/js/training-helper-backend/dist/services/trainings.service.js": {"path":"/home/vova/Documents/js/training-helper-backend/dist/services/trainings.service.js","statementMap":{"0":{"start":{"line":2,"column":22},"end":{"line":4,"column":1}},"1":{"start":{"line":3,"column":4},"end":{"line":3,"column":62}},"2":{"start":{"line":5,"column":0},"end":{"line":5,"column":62}},"3":{"start":{"line":6,"column":19},"end":{"line":6,"column":48}},"4":{"start":{"line":7,"column":31},"end":{"line":7,"column":113}},"5":{"start":{"line":8,"column":24},"end":{"line":8,"column":79}},"6":{"start":{"line":9,"column":15},"end":{"line":9,"column":40}},"7":{"start":{"line":10,"column":23},"end":{"line":10,"column":63}},"8":{"start":{"line":11,"column":19},"end":{"line":11,"column":55}},"9":{"start":{"line":16,"column":8},"end":{"line":16,"column":60}},"10":{"start":{"line":17,"column":8},"end":{"line":17,"column":62}},"11":{"start":{"line":20,"column":8},"end":{"line":20,"column":46}},"12":{"start":{"line":21,"column":8},"end":{"line":31,"column":9}},"13":{"start":{"line":22,"column":36},"end":{"line":26,"column":14}},"14":{"start":{"line":27,"column":12},"end":{"line":27,"column":35}},"15":{"start":{"line":30,"column":12},"end":{"line":30,"column":82}},"16":{"start":{"line":34,"column":8},"end":{"line":34,"column":36}},"17":{"start":{"line":35,"column":28},"end":{"line":35,"column":39}},"18":{"start":{"line":36,"column":8},"end":{"line":47,"column":9}},"19":{"start":{"line":37,"column":32},"end":{"line":37,"column":70}},"20":{"start":{"line":38,"column":36},"end":{"line":38,"column":56}},"21":{"start":{"line":39,"column":29},"end":{"line":39,"column":75}},"22":{"start":{"line":40,"column":12},"end":{"line":41,"column":103}},"23":{"start":{"line":41,"column":16},"end":{"line":41,"column":103}},"24":{"start":{"line":42,"column":12},"end":{"line":42,"column":62}},"25":{"start":{"line":43,"column":12},"end":{"line":43,"column":75}},"26":{"start":{"line":46,"column":12},"end":{"line":46,"column":82}},"27":{"start":{"line":50,"column":8},"end":{"line":57,"column":9}},"28":{"start":{"line":51,"column":32},"end":{"line":51,"column":83}},"29":{"start":{"line":52,"column":33},"end":{"line":52,"column":127}},"30":{"start":{"line":53,"column":12},"end":{"line":53,"column":32}},"31":{"start":{"line":56,"column":12},"end":{"line":56,"column":82}},"32":{"start":{"line":60,"column":8},"end":{"line":60,"column":43}},"33":{"start":{"line":61,"column":8},"end":{"line":71,"column":9}},"34":{"start":{"line":62,"column":29},"end":{"line":62,"column":75}},"35":{"start":{"line":63,"column":12},"end":{"line":64,"column":103}},"36":{"start":{"line":64,"column":16},"end":{"line":64,"column":103}},"37":{"start":{"line":65,"column":12},"end":{"line":65,"column":28}},"38":{"start":{"line":68,"column":12},"end":{"line":69,"column":71}},"39":{"start":{"line":69,"column":16},"end":{"line":69,"column":71}},"40":{"start":{"line":70,"column":12},"end":{"line":70,"column":82}},"41":{"start":{"line":74,"column":37},"end":{"line":74,"column":49}},"42":{"start":{"line":75,"column":8},"end":{"line":75,"column":71}},"43":{"start":{"line":76,"column":8},"end":{"line":84,"column":9}},"44":{"start":{"line":77,"column":36},"end":{"line":77,"column":153}},"45":{"start":{"line":78,"column":12},"end":{"line":78,"column":62}},"46":{"start":{"line":79,"column":12},"end":{"line":80,"column":103}},"47":{"start":{"line":80,"column":16},"end":{"line":80,"column":103}},"48":{"start":{"line":83,"column":12},"end":{"line":83,"column":82}},"49":{"start":{"line":87,"column":8},"end":{"line":88,"column":67}},"50":{"start":{"line":88,"column":12},"end":{"line":88,"column":67}},"51":{"start":{"line":91,"column":8},"end":{"line":92,"column":75}},"52":{"start":{"line":92,"column":12},"end":{"line":92,"column":75}},"53":{"start":{"line":95,"column":28},"end":{"line":95,"column":80}},"54":{"start":{"line":96,"column":8},"end":{"line":97,"column":85}},"55":{"start":{"line":97,"column":12},"end":{"line":97,"column":85}},"56":{"start":{"line":98,"column":8},"end":{"line":98,"column":27}},"57":{"start":{"line":101,"column":8},"end":{"line":106,"column":9}},"58":{"start":{"line":105,"column":12},"end":{"line":105,"column":76}},"59":{"start":{"line":109,"column":8},"end":{"line":111,"column":9}},"60":{"start":{"line":110,"column":12},"end":{"line":110,"column":106}},"61":{"start":{"line":112,"column":8},"end":{"line":114,"column":9}},"62":{"start":{"line":113,"column":12},"end":{"line":113,"column":103}},"63":{"start":{"line":117,"column":8},"end":{"line":126,"column":9}},"64":{"start":{"line":118,"column":28},"end":{"line":118,"column":72}},"65":{"start":{"line":119,"column":32},"end":{"line":119,"column":96}},"66":{"start":{"line":120,"column":12},"end":{"line":120,"column":31}},"67":{"start":{"line":123,"column":12},"end":{"line":124,"column":80}},"68":{"start":{"line":124,"column":16},"end":{"line":124,"column":80}},"69":{"start":{"line":125,"column":12},"end":{"line":125,"column":63}},"70":{"start":{"line":129,"column":0},"end":{"line":129,"column":34}}},"fnMap":{"0":{"name":"(anonymous_0)","decl":{"start":{"line":2,"column":56},"end":{"line":2,"column":57}},"loc":{"start":{"line":2,"column":71},"end":{"line":4,"column":1}},"line":2},"1":{"name":"(anonymous_1)","decl":{"start":{"line":15,"column":4},"end":{"line":15,"column":5}},"loc":{"start":{"line":15,"column":18},"end":{"line":18,"column":5}},"line":15},"2":{"name":"(anonymous_2)","decl":{"start":{"line":19,"column":4},"end":{"line":19,"column":5}},"loc":{"start":{"line":19,"column":59},"end":{"line":32,"column":5}},"line":19},"3":{"name":"(anonymous_3)","decl":{"start":{"line":33,"column":4},"end":{"line":33,"column":5}},"loc":{"start":{"line":33,"column":52},"end":{"line":48,"column":5}},"line":33},"4":{"name":"(anonymous_4)","decl":{"start":{"line":49,"column":4},"end":{"line":49,"column":5}},"loc":{"start":{"line":49,"column":39},"end":{"line":58,"column":5}},"line":49},"5":{"name":"(anonymous_5)","decl":{"start":{"line":59,"column":4},"end":{"line":59,"column":5}},"loc":{"start":{"line":59,"column":44},"end":{"line":72,"column":5}},"line":59},"6":{"name":"(anonymous_6)","decl":{"start":{"line":73,"column":4},"end":{"line":73,"column":5}},"loc":{"start":{"line":73,"column":61},"end":{"line":85,"column":5}},"line":73},"7":{"name":"(anonymous_7)","decl":{"start":{"line":86,"column":4},"end":{"line":86,"column":5}},"loc":{"start":{"line":86,"column":27},"end":{"line":89,"column":5}},"line":86},"8":{"name":"(anonymous_8)","decl":{"start":{"line":90,"column":4},"end":{"line":90,"column":5}},"loc":{"start":{"line":90,"column":45},"end":{"line":93,"column":5}},"line":90},"9":{"name":"(anonymous_9)","decl":{"start":{"line":94,"column":4},"end":{"line":94,"column":5}},"loc":{"start":{"line":94,"column":32},"end":{"line":99,"column":5}},"line":94},"10":{"name":"(anonymous_10)","decl":{"start":{"line":100,"column":4},"end":{"line":100,"column":5}},"loc":{"start":{"line":100,"column":34},"end":{"line":107,"column":5}},"line":100},"11":{"name":"(anonymous_11)","decl":{"start":{"line":108,"column":4},"end":{"line":108,"column":5}},"loc":{"start":{"line":108,"column":37},"end":{"line":115,"column":5}},"line":108},"12":{"name":"(anonymous_12)","decl":{"start":{"line":116,"column":4},"end":{"line":116,"column":5}},"loc":{"start":{"line":116,"column":40},"end":{"line":127,"column":5}},"line":116}},"branchMap":{"0":{"loc":{"start":{"line":2,"column":22},"end":{"line":4,"column":1}},"type":"binary-expr","locations":[{"start":{"line":2,"column":23},"end":{"line":2,"column":27}},{"start":{"line":2,"column":31},"end":{"line":2,"column":51}},{"start":{"line":2,"column":56},"end":{"line":4,"column":1}}],"line":2},"1":{"loc":{"start":{"line":3,"column":11},"end":{"line":3,"column":61}},"type":"cond-expr","locations":[{"start":{"line":3,"column":37},"end":{"line":3,"column":40}},{"start":{"line":3,"column":43},"end":{"line":3,"column":61}}],"line":3},"2":{"loc":{"start":{"line":3,"column":12},"end":{"line":3,"column":33}},"type":"binary-expr","locations":[{"start":{"line":3,"column":12},"end":{"line":3,"column":15}},{"start":{"line":3,"column":19},"end":{"line":3,"column":33}}],"line":3},"3":{"loc":{"start":{"line":30,"column":46},"end":{"line":30,"column":65}},"type":"binary-expr","locations":[{"start":{"line":30,"column":46},"end":{"line":30,"column":58}},{"start":{"line":30,"column":62},"end":{"line":30,"column":65}}],"line":30},"4":{"loc":{"start":{"line":40,"column":12},"end":{"line":41,"column":103}},"type":"if","locations":[{"start":{"line":40,"column":12},"end":{"line":41,"column":103}},{"start":{},"end":{}}],"line":40},"5":{"loc":{"start":{"line":46,"column":46},"end":{"line":46,"column":65}},"type":"binary-expr","locations":[{"start":{"line":46,"column":46},"end":{"line":46,"column":58}},{"start":{"line":46,"column":62},"end":{"line":46,"column":65}}],"line":46},"6":{"loc":{"start":{"line":56,"column":46},"end":{"line":56,"column":65}},"type":"binary-expr","locations":[{"start":{"line":56,"column":46},"end":{"line":56,"column":58}},{"start":{"line":56,"column":62},"end":{"line":56,"column":65}}],"line":56},"7":{"loc":{"start":{"line":63,"column":12},"end":{"line":64,"column":103}},"type":"if","locations":[{"start":{"line":63,"column":12},"end":{"line":64,"column":103}},{"start":{},"end":{}}],"line":63},"8":{"loc":{"start":{"line":68,"column":12},"end":{"line":69,"column":71}},"type":"if","locations":[{"start":{"line":68,"column":12},"end":{"line":69,"column":71}},{"start":{},"end":{}}],"line":68},"9":{"loc":{"start":{"line":70,"column":46},"end":{"line":70,"column":65}},"type":"binary-expr","locations":[{"start":{"line":70,"column":46},"end":{"line":70,"column":58}},{"start":{"line":70,"column":62},"end":{"line":70,"column":65}}],"line":70},"10":{"loc":{"start":{"line":79,"column":12},"end":{"line":80,"column":103}},"type":"if","locations":[{"start":{"line":79,"column":12},"end":{"line":80,"column":103}},{"start":{},"end":{}}],"line":79},"11":{"loc":{"start":{"line":83,"column":46},"end":{"line":83,"column":65}},"type":"binary-expr","locations":[{"start":{"line":83,"column":46},"end":{"line":83,"column":58}},{"start":{"line":83,"column":62},"end":{"line":83,"column":65}}],"line":83},"12":{"loc":{"start":{"line":87,"column":8},"end":{"line":88,"column":67}},"type":"if","locations":[{"start":{"line":87,"column":8},"end":{"line":88,"column":67}},{"start":{},"end":{}}],"line":87},"13":{"loc":{"start":{"line":87,"column":12},"end":{"line":87,"column":56}},"type":"binary-expr","locations":[{"start":{"line":87,"column":12},"end":{"line":87,"column":33}},{"start":{"line":87,"column":37},"end":{"line":87,"column":56}}],"line":87},"14":{"loc":{"start":{"line":91,"column":8},"end":{"line":92,"column":75}},"type":"if","locations":[{"start":{"line":91,"column":8},"end":{"line":92,"column":75}},{"start":{},"end":{}}],"line":91},"15":{"loc":{"start":{"line":96,"column":8},"end":{"line":97,"column":85}},"type":"if","locations":[{"start":{"line":96,"column":8},"end":{"line":97,"column":85}},{"start":{},"end":{}}],"line":96},"16":{"loc":{"start":{"line":101,"column":8},"end":{"line":106,"column":9}},"type":"if","locations":[{"start":{"line":101,"column":8},"end":{"line":106,"column":9}},{"start":{},"end":{}}],"line":101},"17":{"loc":{"start":{"line":101,"column":12},"end":{"line":104,"column":42}},"type":"binary-expr","locations":[{"start":{"line":101,"column":12},"end":{"line":101,"column":30}},{"start":{"line":102,"column":12},"end":{"line":102,"column":36}},{"start":{"line":103,"column":12},"end":{"line":103,"column":29}},{"start":{"line":104,"column":12},"end":{"line":104,"column":42}}],"line":101},"18":{"loc":{"start":{"line":109,"column":8},"end":{"line":111,"column":9}},"type":"if","locations":[{"start":{"line":109,"column":8},"end":{"line":111,"column":9}},{"start":{},"end":{}}],"line":109},"19":{"loc":{"start":{"line":109,"column":12},"end":{"line":109,"column":74}},"type":"binary-expr","locations":[{"start":{"line":109,"column":12},"end":{"line":109,"column":27}},{"start":{"line":109,"column":31},"end":{"line":109,"column":48}},{"start":{"line":109,"column":52},"end":{"line":109,"column":74}}],"line":109},"20":{"loc":{"start":{"line":112,"column":8},"end":{"line":114,"column":9}},"type":"if","locations":[{"start":{"line":112,"column":8},"end":{"line":114,"column":9}},{"start":{},"end":{}}],"line":112},"21":{"loc":{"start":{"line":112,"column":12},"end":{"line":112,"column":65}},"type":"binary-expr","locations":[{"start":{"line":112,"column":12},"end":{"line":112,"column":24}},{"start":{"line":112,"column":28},"end":{"line":112,"column":42}},{"start":{"line":112,"column":46},"end":{"line":112,"column":65}}],"line":112},"22":{"loc":{"start":{"line":123,"column":12},"end":{"line":124,"column":80}},"type":"if","locations":[{"start":{"line":123,"column":12},"end":{"line":124,"column":80}},{"start":{},"end":{}}],"line":123}},"s":{"0":2,"1":8,"2":2,"3":2,"4":2,"5":2,"6":2,"7":2,"8":2,"9":2,"10":2,"11":3,"12":1,"13":1,"14":1,"15":0,"16":4,"17":3,"18":3,"19":3,"20":3,"21":3,"22":3,"23":1,"24":2,"25":1,"26":2,"27":1,"28":1,"29":1,"30":1,"31":0,"32":7,"33":1,"34":1,"35":1,"36":0,"37":1,"38":0,"39":0,"40":0,"41":0,"42":0,"43":0,"44":0,"45":0,"46":0,"47":0,"48":0,"49":4,"50":1,"51":1,"52":1,"53":0,"54":0,"55":0,"56":0,"57":7,"58":6,"59":3,"60":1,"61":2,"62":1,"63":0,"64":0,"65":0,"66":0,"67":0,"68":0,"69":0,"70":2},"f":{"0":8,"1":2,"2":3,"3":4,"4":1,"5":7,"6":0,"7":4,"8":1,"9":0,"10":7,"11":3,"12":0},"b":{"0":[2,2,2],"1":[4,4],"2":[8,8],"3":[0,0],"4":[1,2],"5":[2,0],"6":[0,0],"7":[0,1],"8":[0,0],"9":[0,0],"10":[0,0],"11":[0,0],"12":[1,3],"13":[4,4],"14":[1,0],"15":[0,0],"16":[6,1],"17":[7,5,5,4],"18":[1,2],"19":[3,2,2],"20":[1,1],"21":[2,1,1],"22":[0,0]},"_coverageSchema":"1a1c01bbd47fc00a2c39e90264f33305004495a9","hash":"4af71b72309ffb3e6cc11cc2cbd47cae01921c90"}
}
